[    1663ms] [ERROR] WebSocket connection to 'wss://placeholder.supabase.co/realtime/v1/websocket?apikey=placeholder-key&vsn=2.0.0' failed: Error in connection establishment: net::ERR_NAME_NOT_RESOLVED @ http://localhost:3333/_next/static/chunks/node_modules_798b683d._.js:4047
[    1845ms] [ERROR] Failed to load resource: net::ERR_NAME_NOT_RESOLVED @ https://placeholder.supabase.co/rest/v1/v_user_current_status?select=*:0
[    2910ms] [ERROR] WebSocket connection to 'wss://placeholder.supabase.co/realtime/v1/websocket?apikey=placeholder-key&vsn=2.0.0' failed: Error in connection establishment: net::ERR_NAME_NOT_RESOLVED @ http://localhost:3333/_next/static/chunks/node_modules_798b683d._.js:4047
[    5120ms] [ERROR] WebSocket connection to 'wss://placeholder.supabase.co/realtime/v1/websocket?apikey=placeholder-key&vsn=2.0.0' failed: Error in connection establishment: net::ERR_NAME_NOT_RESOLVED @ http://localhost:3333/_next/static/chunks/node_modules_798b683d._.js:4047
[   10357ms] [ERROR] WebSocket connection to 'wss://placeholder.supabase.co/realtime/v1/websocket?apikey=placeholder-key&vsn=2.0.0' failed: Error in connection establishment: net::ERR_NAME_NOT_RESOLVED @ http://localhost:3333/_next/static/chunks/node_modules_798b683d._.js:4047
[   15583ms] [ERROR] Failed to load resource: net::ERR_NAME_NOT_RESOLVED @ https://placeholder.supabase.co/rest/v1/profiles?select=id%2Cfull_name&is_active=eq.true&order=full_name.asc:0
[   15583ms] [ERROR] Failed to load resource: net::ERR_NAME_NOT_RESOLVED @ https://placeholder.supabase.co/rest/v1/profiles?select=id%2Cfull_name&is_active=eq.true&order=full_name.asc:0
[   19856ms] [ERROR] Failed to load resource: net::ERR_NAME_NOT_RESOLVED @ https://placeholder.supabase.co/rest/v1/profiles?select=id%2Cfull_name&is_active=eq.true:0
[   19857ms] [ERROR] Failed to load resource: net::ERR_NAME_NOT_RESOLVED @ https://placeholder.supabase.co/rest/v1/profiles?select=id%2Cfull_name&is_active=eq.true:0
[   26271ms] [ERROR] Failed to load resource: net::ERR_NAME_NOT_RESOLVED @ https://placeholder.supabase.co/rest/v1/profiles?select=id%2Cfull_name&is_active=eq.true:0
[   27545ms] [ERROR] Failed to load resource: net::ERR_NAME_NOT_RESOLVED @ https://placeholder.supabase.co/rest/v1/profiles?select=id%2Cfull_name&is_active=eq.true:0
[   31647ms] [ERROR] Failed to load resource: net::ERR_NAME_NOT_RESOLVED @ https://placeholder.supabase.co/rest/v1/bubble_events?select=wo_id%2Ccompany%2Cuser_id%2Cevent_type%2Ccreated_at%2Cprofiles%21inner%28full_name%29&order=created_at.desc&limit=500:0
[   31647ms] [ERROR] Failed to load resource: net::ERR_NAME_NOT_RESOLVED @ https://placeholder.supabase.co/rest/v1/bubble_events?select=wo_id%2Ccompany%2Cuser_id%2Cevent_type%2Ccreated_at%2Cprofiles%21inner%28full_name%29&order=created_at.desc&limit=500:0
[   35904ms] [ERROR] Failed to load resource: net::ERR_NAME_NOT_RESOLVED @ https://placeholder.supabase.co/rest/v1/bubble_financial_events?select=event_type%2Camount%2Cpayment_received_at&created_at=gte.2026-02-19T00%3A00%3A00&created_at=lte.2026-02-19T23%3A59%3A59&event_type=in.%28invoice_sent%2Cinvoice_created%2Cpayment_received%29:0
[   35904ms] [ERROR] Failed to load resource: net::ERR_NAME_NOT_RESOLVED @ https://placeholder.supabase.co/rest/v1/v_ar_aging?select=*:0
[   35904ms] [ERROR] Failed to load resource: net::ERR_NAME_NOT_RESOLVED @ https://placeholder.supabase.co/rest/v1/rpc/get_wo_last_activity?select=*:0
[   35904ms] [ERROR] Failed to load resource: net::ERR_NAME_NOT_RESOLVED @ https://placeholder.supabase.co/rest/v1/bubble_financial_events?select=invoice_number%2Cwo_id%2Ccompany%2Camount%2Cinvoice_sent_at%2Cpayment_received_at&event_type=in.%28invoice_sent%2Cinvoice_created%29&order=created_at.desc&limit=20:0
[   35904ms] [ERROR] Failed to load resource: net::ERR_NAME_NOT_RESOLVED @ https://placeholder.supabase.co/rest/v1/bubble_financial_events?select=event_type%2Camount%2Cpayment_received_at&created_at=gte.2026-02-19T00%3A00%3A00&created_at=lte.2026-02-19T23%3A59%3A59&event_type=in.%28invoice_sent%2Cinvoice_created%2Cpayment_received%29:0
[   35905ms] [ERROR] Failed to load resource: net::ERR_NAME_NOT_RESOLVED @ https://placeholder.supabase.co/rest/v1/v_ar_aging?select=*:0
[   36103ms] [ERROR] Failed to load resource: net::ERR_NAME_NOT_RESOLVED @ https://placeholder.supabase.co/rest/v1/bubble_financial_events?select=invoice_number%2Cwo_id%2Ccompany%2Camount%2Cinvoice_sent_at%2Cpayment_received_at&event_type=in.%28invoice_sent%2Cinvoice_created%29&order=created_at.desc&limit=20:0
[   36103ms] [ERROR] Failed to load resource: net::ERR_NAME_NOT_RESOLVED @ https://placeholder.supabase.co/rest/v1/rpc/get_wo_last_activity?select=*:0
[   39470ms] [ERROR] Failed to load resource: net::ERR_NAME_NOT_RESOLVED @ https://placeholder.supabase.co/rest/v1/bubble_financial_events?select=*&created_at=gte.2026-02-19T00%3A00%3A00&created_at=lte.2026-02-19T23%3A59%3A59&event_type=in.%28vendor_bill_created%2Cvendor_bill_paid%29:0
[   39471ms] [ERROR] Failed to load resource: net::ERR_NAME_NOT_RESOLVED @ https://placeholder.supabase.co/rest/v1/melio_events?select=*&payment_status=in.%28completed%29&created_at=gte.2026-02-19T00%3A00%3A00&created_at=lte.2026-02-19T23%3A59%3A59:0
[   39471ms] [ERROR] Failed to load resource: net::ERR_NAME_NOT_RESOLVED @ https://placeholder.supabase.co/rest/v1/bubble_financial_events?select=*&event_type=in.%28vendor_bill_created%2Cvendor_bill_approved%2Cvendor_bill_paid%29&order=created_at.desc&limit=20:0
[   39471ms] [ERROR] Failed to load resource: net::ERR_NAME_NOT_RESOLVED @ https://placeholder.supabase.co/rest/v1/melio_events?select=amount%2Ccreated_at&payment_status=eq.completed&created_at=gte.2026-01-20T00%3A00%3A00&order=created_at.asc:0
[   39471ms] [ERROR] Failed to load resource: net::ERR_NAME_NOT_RESOLVED @ https://placeholder.supabase.co/rest/v1/bubble_financial_events?select=*&created_at=gte.2026-02-19T00%3A00%3A00&created_at=lte.2026-02-19T23%3A59%3A59&event_type=in.%28vendor_bill_created%2Cvendor_bill_paid%29:0
[   39471ms] [ERROR] Failed to load resource: net::ERR_NAME_NOT_RESOLVED @ https://placeholder.supabase.co/rest/v1/melio_events?select=*&payment_status=in.%28completed%29&created_at=gte.2026-02-19T00%3A00%3A00&created_at=lte.2026-02-19T23%3A59%3A59:0
[   39646ms] [ERROR] Failed to load resource: net::ERR_NAME_NOT_RESOLVED @ https://placeholder.supabase.co/rest/v1/bubble_financial_events?select=*&event_type=in.%28vendor_bill_created%2Cvendor_bill_approved%2Cvendor_bill_paid%29&order=created_at.desc&limit=20:0
[   39646ms] [ERROR] Failed to load resource: net::ERR_NAME_NOT_RESOLVED @ https://placeholder.supabase.co/rest/v1/melio_events?select=amount%2Ccreated_at&payment_status=eq.completed&created_at=gte.2026-01-20T00%3A00%3A00&order=created_at.asc:0
[   43357ms] [ERROR] Failed to load resource: net::ERR_NAME_NOT_RESOLVED @ https://placeholder.supabase.co/rest/v1/bubble_financial_events?select=event_type%2Camount%2Cpayment_received_at&created_at=gte.2026-02-19T00%3A00%3A00&created_at=lte.2026-02-19T23%3A59%3A59&event_type=in.%28invoice_sent%2Cinvoice_created%2Cpayment_received%29:0
[   43357ms] [ERROR] Failed to load resource: net::ERR_NAME_NOT_RESOLVED @ https://placeholder.supabase.co/rest/v1/v_ar_aging?select=*:0
[   43357ms] [ERROR] Failed to load resource: net::ERR_NAME_NOT_RESOLVED @ https://placeholder.supabase.co/rest/v1/rpc/get_wo_last_activity?select=*:0
[   43357ms] [ERROR] Failed to load resource: net::ERR_NAME_NOT_RESOLVED @ https://placeholder.supabase.co/rest/v1/bubble_financial_events?select=invoice_number%2Cwo_id%2Ccompany%2Camount%2Cinvoice_sent_at%2Cpayment_received_at&event_type=in.%28invoice_sent%2Cinvoice_created%29&order=created_at.desc&limit=20:0
[   43357ms] [ERROR] Failed to load resource: net::ERR_NAME_NOT_RESOLVED @ https://placeholder.supabase.co/rest/v1/bubble_financial_events?select=event_type%2Camount%2Cpayment_received_at&created_at=gte.2026-02-19T00%3A00%3A00&created_at=lte.2026-02-19T23%3A59%3A59&event_type=in.%28invoice_sent%2Cinvoice_created%2Cpayment_received%29:0
[   43358ms] [ERROR] Failed to load resource: net::ERR_NAME_NOT_RESOLVED @ https://placeholder.supabase.co/rest/v1/v_ar_aging?select=*:0
[   43714ms] [ERROR] Failed to load resource: net::ERR_NAME_NOT_RESOLVED @ https://placeholder.supabase.co/rest/v1/rpc/get_wo_last_activity?select=*:0
[   43714ms] [ERROR] Failed to load resource: net::ERR_NAME_NOT_RESOLVED @ https://placeholder.supabase.co/rest/v1/bubble_financial_events?select=invoice_number%2Cwo_id%2Ccompany%2Camount%2Cinvoice_sent_at%2Cpayment_received_at&event_type=in.%28invoice_sent%2Cinvoice_created%29&order=created_at.desc&limit=20:0
[   45817ms] [ERROR] Failed to load resource: net::ERR_NAME_NOT_RESOLVED @ https://placeholder.supabase.co/rest/v1/profiles?select=*&order=full_name.asc:0
[   45817ms] [ERROR] Failed to load resource: net::ERR_NAME_NOT_RESOLVED @ https://placeholder.supabase.co/rest/v1/profiles?select=*&order=full_name.asc:0
