[     608ms] [ERROR] WebSocket connection to 'wss://placeholder.supabase.co/realtime/v1/websocket?apikey=placeholder-key&vsn=2.0.0' failed: Error in connection establishment: net::ERR_NAME_NOT_RESOLVED @ http://localhost:3333/_next/static/chunks/node_modules_798b683d._.js:4047
[     899ms] [ERROR] Failed to load resource: net::ERR_NAME_NOT_RESOLVED @ https://placeholder.supabase.co/rest/v1/v_user_current_status?select=*:0
[    3711ms] [ERROR] WebSocket connection to 'wss://placeholder.supabase.co/realtime/v1/websocket?apikey=placeholder-key&vsn=2.0.0' failed: Error in connection establishment: net::ERR_NAME_NOT_RESOLVED @ http://localhost:3333/_next/static/chunks/node_modules_798b683d._.js:4047
[    5944ms] [ERROR] WebSocket connection to 'wss://placeholder.supabase.co/realtime/v1/websocket?apikey=placeholder-key&vsn=2.0.0' failed: Error in connection establishment: net::ERR_NAME_NOT_RESOLVED @ http://localhost:3333/_next/static/chunks/node_modules_798b683d._.js:4047
[   11170ms] [ERROR] WebSocket connection to 'wss://placeholder.supabase.co/realtime/v1/websocket?apikey=placeholder-key&vsn=2.0.0' failed: Error in connection establishment: net::ERR_NAME_NOT_RESOLVED @ http://localhost:3333/_next/static/chunks/node_modules_798b683d._.js:4047
[   21375ms] [ERROR] WebSocket connection to 'wss://placeholder.supabase.co/realtime/v1/websocket?apikey=placeholder-key&vsn=2.0.0' failed: Error in connection establishment: net::ERR_NAME_NOT_RESOLVED @ http://localhost:3333/_next/static/chunks/node_modules_798b683d._.js:4047
[   30652ms] [ERROR] Failed to load resource: net::ERR_NAME_NOT_RESOLVED @ https://placeholder.supabase.co/rest/v1/v_user_current_status?select=*:0
[   31618ms] [ERROR] WebSocket connection to 'wss://placeholder.supabase.co/realtime/v1/websocket?apikey=placeholder-key&vsn=2.0.0' failed: Error in connection establishment: net::ERR_NAME_NOT_RESOLVED @ http://localhost:3333/_next/static/chunks/node_modules_798b683d._.js:4047
[   41861ms] [ERROR] WebSocket connection to 'wss://placeholder.supabase.co/realtime/v1/websocket?apikey=placeholder-key&vsn=2.0.0' failed: Error in connection establishment: net::ERR_NAME_NOT_RESOLVED @ http://localhost:3333/_next/static/chunks/node_modules_798b683d._.js:4047
[   52344ms] [ERROR] WebSocket connection to 'wss://placeholder.supabase.co/realtime/v1/websocket?apikey=placeholder-key&vsn=2.0.0' failed: Error in connection establishment: net::ERR_NAME_NOT_RESOLVED @ http://localhost:3333/_next/static/chunks/node_modules_798b683d._.js:4047
[   60566ms] [ERROR] Failed to load resource: net::ERR_NAME_NOT_RESOLVED @ https://placeholder.supabase.co/rest/v1/v_user_current_status?select=*:0
[   62571ms] [ERROR] WebSocket connection to 'wss://placeholder.supabase.co/realtime/v1/websocket?apikey=placeholder-key&vsn=2.0.0' failed: Error in connection establishment: net::ERR_NAME_NOT_RESOLVED @ http://localhost:3333/_next/static/chunks/node_modules_798b683d._.js:4047
[   72817ms] [ERROR] WebSocket connection to 'wss://placeholder.supabase.co/realtime/v1/websocket?apikey=placeholder-key&vsn=2.0.0' failed: Error in connection establishment: net::ERR_NAME_NOT_RESOLVED @ http://localhost:3333/_next/static/chunks/node_modules_798b683d._.js:4047
[   83218ms] [ERROR] WebSocket connection to 'wss://placeholder.supabase.co/realtime/v1/websocket?apikey=placeholder-key&vsn=2.0.0' failed: Error in connection establishment: net::ERR_NAME_NOT_RESOLVED @ http://localhost:3333/_next/static/chunks/node_modules_798b683d._.js:4047
[   90568ms] [ERROR] Failed to load resource: net::ERR_NAME_NOT_RESOLVED @ https://placeholder.supabase.co/rest/v1/v_user_current_status?select=*:0
[   93407ms] [ERROR] WebSocket connection to 'wss://placeholder.supabase.co/realtime/v1/websocket?apikey=placeholder-key&vsn=2.0.0' failed: Error in connection establishment: net::ERR_NAME_NOT_RESOLVED @ http://localhost:3333/_next/static/chunks/node_modules_798b683d._.js:4047
[  103605ms] [ERROR] WebSocket connection to 'wss://placeholder.supabase.co/realtime/v1/websocket?apikey=placeholder-key&vsn=2.0.0' failed: Error in connection establishment: net::ERR_NAME_NOT_RESOLVED @ http://localhost:3333/_next/static/chunks/node_modules_798b683d._.js:4047
[  113861ms] [ERROR] WebSocket connection to 'wss://placeholder.supabase.co/realtime/v1/websocket?apikey=placeholder-key&vsn=2.0.0' failed: Error in connection establishment: net::ERR_NAME_NOT_RESOLVED @ http://localhost:3333/_next/static/chunks/node_modules_798b683d._.js:4047
[  120740ms] [ERROR] Failed to load resource: net::ERR_NAME_NOT_RESOLVED @ https://placeholder.supabase.co/rest/v1/v_user_current_status?select=*:0
[  124051ms] [ERROR] WebSocket connection to 'wss://placeholder.supabase.co/realtime/v1/websocket?apikey=placeholder-key&vsn=2.0.0' failed: Error in connection establishment: net::ERR_NAME_NOT_RESOLVED @ http://localhost:3333/_next/static/chunks/node_modules_798b683d._.js:4047
[  134303ms] [ERROR] WebSocket connection to 'wss://placeholder.supabase.co/realtime/v1/websocket?apikey=placeholder-key&vsn=2.0.0' failed: Error in connection establishment: net::ERR_NAME_NOT_RESOLVED @ http://localhost:3333/_next/static/chunks/node_modules_798b683d._.js:4047
[  144542ms] [ERROR] WebSocket connection to 'wss://placeholder.supabase.co/realtime/v1/websocket?apikey=placeholder-key&vsn=2.0.0' failed: Error in connection establishment: net::ERR_NAME_NOT_RESOLVED @ http://localhost:3333/_next/static/chunks/node_modules_798b683d._.js:4047
[  150663ms] [ERROR] Failed to load resource: net::ERR_NAME_NOT_RESOLVED @ https://placeholder.supabase.co/rest/v1/v_user_current_status?select=*:0
[  154779ms] [ERROR] WebSocket connection to 'wss://placeholder.supabase.co/realtime/v1/websocket?apikey=placeholder-key&vsn=2.0.0' failed: Error in connection establishment: net::ERR_NAME_NOT_RESOLVED @ http://localhost:3333/_next/static/chunks/node_modules_798b683d._.js:4047
[  165037ms] [ERROR] WebSocket connection to 'wss://placeholder.supabase.co/realtime/v1/websocket?apikey=placeholder-key&vsn=2.0.0' failed: Error in connection establishment: net::ERR_NAME_NOT_RESOLVED @ http://localhost:3333/_next/static/chunks/node_modules_798b683d._.js:4047
[  175376ms] [ERROR] WebSocket connection to 'wss://placeholder.supabase.co/realtime/v1/websocket?apikey=placeholder-key&vsn=2.0.0' failed: Error in connection establishment: net::ERR_NAME_NOT_RESOLVED @ http://localhost:3333/_next/static/chunks/node_modules_798b683d._.js:4047
[  180686ms] [ERROR] Failed to load resource: net::ERR_NAME_NOT_RESOLVED @ https://placeholder.supabase.co/rest/v1/v_user_current_status?select=*:0
[  185646ms] [ERROR] WebSocket connection to 'wss://placeholder.supabase.co/realtime/v1/websocket?apikey=placeholder-key&vsn=2.0.0' failed: Error in connection establishment: net::ERR_NAME_NOT_RESOLVED @ http://localhost:3333/_next/static/chunks/node_modules_798b683d._.js:4047
[  195948ms] [ERROR] WebSocket connection to 'wss://placeholder.supabase.co/realtime/v1/websocket?apikey=placeholder-key&vsn=2.0.0' failed: Error in connection establishment: net::ERR_NAME_NOT_RESOLVED @ http://localhost:3333/_next/static/chunks/node_modules_798b683d._.js:4047
[  206201ms] [ERROR] WebSocket connection to 'wss://placeholder.supabase.co/realtime/v1/websocket?apikey=placeholder-key&vsn=2.0.0' failed: Error in connection establishment: net::ERR_NAME_NOT_RESOLVED @ http://localhost:3333/_next/static/chunks/node_modules_798b683d._.js:4047
[  210719ms] [ERROR] Failed to load resource: net::ERR_NAME_NOT_RESOLVED @ https://placeholder.supabase.co/rest/v1/v_user_current_status?select=*:0
[  216459ms] [ERROR] WebSocket connection to 'wss://placeholder.supabase.co/realtime/v1/websocket?apikey=placeholder-key&vsn=2.0.0' failed: Error in connection establishment: net::ERR_NAME_NOT_RESOLVED @ http://localhost:3333/_next/static/chunks/node_modules_798b683d._.js:4047
[  226654ms] [ERROR] WebSocket connection to 'wss://placeholder.supabase.co/realtime/v1/websocket?apikey=placeholder-key&vsn=2.0.0' failed: Error in connection establishment: net::ERR_NAME_NOT_RESOLVED @ http://localhost:3333/_next/static/chunks/node_modules_798b683d._.js:4047
[  236850ms] [ERROR] WebSocket connection to 'wss://placeholder.supabase.co/realtime/v1/websocket?apikey=placeholder-key&vsn=2.0.0' failed: Error in connection establishment: net::ERR_NAME_NOT_RESOLVED @ http://localhost:3333/_next/static/chunks/node_modules_798b683d._.js:4047
[  240657ms] [ERROR] Failed to load resource: net::ERR_NAME_NOT_RESOLVED @ https://placeholder.supabase.co/rest/v1/v_user_current_status?select=*:0
[  247097ms] [ERROR] WebSocket connection to 'wss://placeholder.supabase.co/realtime/v1/websocket?apikey=placeholder-key&vsn=2.0.0' failed: Error in connection establishment: net::ERR_NAME_NOT_RESOLVED @ http://localhost:3333/_next/static/chunks/node_modules_798b683d._.js:4047
[  257362ms] [ERROR] WebSocket connection to 'wss://placeholder.supabase.co/realtime/v1/websocket?apikey=placeholder-key&vsn=2.0.0' failed: Error in connection establishment: net::ERR_NAME_NOT_RESOLVED @ http://localhost:3333/_next/static/chunks/node_modules_798b683d._.js:4047
[  267658ms] [ERROR] WebSocket connection to 'wss://placeholder.supabase.co/realtime/v1/websocket?apikey=placeholder-key&vsn=2.0.0' failed: Error in connection establishment: net::ERR_NAME_NOT_RESOLVED @ http://localhost:3333/_next/static/chunks/node_modules_798b683d._.js:4047
[  270618ms] [ERROR] Failed to load resource: net::ERR_NAME_NOT_RESOLVED @ https://placeholder.supabase.co/rest/v1/v_user_current_status?select=*:0
[  277950ms] [ERROR] WebSocket connection to 'wss://placeholder.supabase.co/realtime/v1/websocket?apikey=placeholder-key&vsn=2.0.0' failed: Error in connection establishment: net::ERR_NAME_NOT_RESOLVED @ http://localhost:3333/_next/static/chunks/node_modules_798b683d._.js:4047
[  288375ms] [ERROR] WebSocket connection to 'wss://placeholder.supabase.co/realtime/v1/websocket?apikey=placeholder-key&vsn=2.0.0' failed: Error in connection establishment: net::ERR_NAME_NOT_RESOLVED @ http://localhost:3333/_next/static/chunks/node_modules_798b683d._.js:4047
[  300418ms] [ERROR] WebSocket connection to 'wss://placeholder.supabase.co/realtime/v1/websocket?apikey=placeholder-key&vsn=2.0.0' failed: Error in connection establishment: net::ERR_NAME_NOT_RESOLVED @ http://localhost:3333/_next/static/chunks/node_modules_798b683d._.js:4047
[  302499ms] [ERROR] Failed to load resource: net::ERR_NAME_NOT_RESOLVED @ https://placeholder.supabase.co/rest/v1/v_user_current_status?select=*:0
[  310757ms] [ERROR] WebSocket connection to 'wss://placeholder.supabase.co/realtime/v1/websocket?apikey=placeholder-key&vsn=2.0.0' failed: Error in connection establishment: net::ERR_NAME_NOT_RESOLVED @ http://localhost:3333/_next/static/chunks/node_modules_798b683d._.js:4047
[  320989ms] [ERROR] WebSocket connection to 'wss://placeholder.supabase.co/realtime/v1/websocket?apikey=placeholder-key&vsn=2.0.0' failed: Error in connection establishment: net::ERR_NAME_NOT_RESOLVED @ http://localhost:3333/_next/static/chunks/node_modules_798b683d._.js:4047
[  330650ms] [ERROR] Failed to load resource: net::ERR_NAME_NOT_RESOLVED @ https://placeholder.supabase.co/rest/v1/v_user_current_status?select=*:0
[  331213ms] [ERROR] WebSocket connection to 'wss://placeholder.supabase.co/realtime/v1/websocket?apikey=placeholder-key&vsn=2.0.0' failed: Error in connection establishment: net::ERR_NAME_NOT_RESOLVED @ http://localhost:3333/_next/static/chunks/node_modules_798b683d._.js:4047
[  341470ms] [ERROR] WebSocket connection to 'wss://placeholder.supabase.co/realtime/v1/websocket?apikey=placeholder-key&vsn=2.0.0' failed: Error in connection establishment: net::ERR_NAME_NOT_RESOLVED @ http://localhost:3333/_next/static/chunks/node_modules_798b683d._.js:4047
[  351697ms] [ERROR] WebSocket connection to 'wss://placeholder.supabase.co/realtime/v1/websocket?apikey=placeholder-key&vsn=2.0.0' failed: Error in connection establishment: net::ERR_NAME_NOT_RESOLVED @ http://localhost:3333/_next/static/chunks/node_modules_798b683d._.js:4047
[  360660ms] [ERROR] Failed to load resource: net::ERR_NAME_NOT_RESOLVED @ https://placeholder.supabase.co/rest/v1/v_user_current_status?select=*:0
[  361940ms] [ERROR] WebSocket connection to 'wss://placeholder.supabase.co/realtime/v1/websocket?apikey=placeholder-key&vsn=2.0.0' failed: Error in connection establishment: net::ERR_NAME_NOT_RESOLVED @ http://localhost:3333/_next/static/chunks/node_modules_798b683d._.js:4047
[  372186ms] [ERROR] WebSocket connection to 'wss://placeholder.supabase.co/realtime/v1/websocket?apikey=placeholder-key&vsn=2.0.0' failed: Error in connection establishment: net::ERR_NAME_NOT_RESOLVED @ http://localhost:3333/_next/static/chunks/node_modules_798b683d._.js:4047
[  382458ms] [ERROR] WebSocket connection to 'wss://placeholder.supabase.co/realtime/v1/websocket?apikey=placeholder-key&vsn=2.0.0' failed: Error in connection establishment: net::ERR_NAME_NOT_RESOLVED @ http://localhost:3333/_next/static/chunks/node_modules_798b683d._.js:4047
[  390725ms] [ERROR] Failed to load resource: net::ERR_NAME_NOT_RESOLVED @ https://placeholder.supabase.co/rest/v1/v_user_current_status?select=*:0
[  392735ms] [ERROR] WebSocket connection to 'wss://placeholder.supabase.co/realtime/v1/websocket?apikey=placeholder-key&vsn=2.0.0' failed: Error in connection establishment: net::ERR_NAME_NOT_RESOLVED @ http://localhost:3333/_next/static/chunks/node_modules_798b683d._.js:4047
[  403091ms] [ERROR] WebSocket connection to 'wss://placeholder.supabase.co/realtime/v1/websocket?apikey=placeholder-key&vsn=2.0.0' failed: Error in connection establishment: net::ERR_NAME_NOT_RESOLVED @ http://localhost:3333/_next/static/chunks/node_modules_798b683d._.js:4047
[  413703ms] [ERROR] WebSocket connection to 'wss://placeholder.supabase.co/realtime/v1/websocket?apikey=placeholder-key&vsn=2.0.0' failed: Error in connection establishment: net::ERR_NAME_NOT_RESOLVED @ http://localhost:3333/_next/static/chunks/node_modules_798b683d._.js:4047
[  420654ms] [ERROR] Failed to load resource: net::ERR_NAME_NOT_RESOLVED @ https://placeholder.supabase.co/rest/v1/v_user_current_status?select=*:0
[  423940ms] [ERROR] WebSocket connection to 'wss://placeholder.supabase.co/realtime/v1/websocket?apikey=placeholder-key&vsn=2.0.0' failed: Error in connection establishment: net::ERR_NAME_NOT_RESOLVED @ http://localhost:3333/_next/static/chunks/node_modules_798b683d._.js:4047
[  434195ms] [ERROR] WebSocket connection to 'wss://placeholder.supabase.co/realtime/v1/websocket?apikey=placeholder-key&vsn=2.0.0' failed: Error in connection establishment: net::ERR_NAME_NOT_RESOLVED @ http://localhost:3333/_next/static/chunks/node_modules_798b683d._.js:4047
[  444415ms] [ERROR] WebSocket connection to 'wss://placeholder.supabase.co/realtime/v1/websocket?apikey=placeholder-key&vsn=2.0.0' failed: Error in connection establishment: net::ERR_NAME_NOT_RESOLVED @ http://localhost:3333/_next/static/chunks/node_modules_798b683d._.js:4047
[  450761ms] [ERROR] Failed to load resource: net::ERR_NAME_NOT_RESOLVED @ https://placeholder.supabase.co/rest/v1/v_user_current_status?select=*:0
[  454667ms] [ERROR] WebSocket connection to 'wss://placeholder.supabase.co/realtime/v1/websocket?apikey=placeholder-key&vsn=2.0.0' failed: Error in connection establishment: net::ERR_NAME_NOT_RESOLVED @ http://localhost:3333/_next/static/chunks/node_modules_798b683d._.js:4047
[  465059ms] [ERROR] WebSocket connection to 'wss://placeholder.supabase.co/realtime/v1/websocket?apikey=placeholder-key&vsn=2.0.0' failed: Error in connection establishment: net::ERR_NAME_NOT_RESOLVED @ http://localhost:3333/_next/static/chunks/node_modules_798b683d._.js:4047
[  475290ms] [ERROR] WebSocket connection to 'wss://placeholder.supabase.co/realtime/v1/websocket?apikey=placeholder-key&vsn=2.0.0' failed: Error in connection establishment: net::ERR_NAME_NOT_RESOLVED @ http://localhost:3333/_next/static/chunks/node_modules_798b683d._.js:4047
[  480637ms] [ERROR] Failed to load resource: net::ERR_NAME_NOT_RESOLVED @ https://placeholder.supabase.co/rest/v1/v_user_current_status?select=*:0
[  485536ms] [ERROR] WebSocket connection to 'wss://placeholder.supabase.co/realtime/v1/websocket?apikey=placeholder-key&vsn=2.0.0' failed: Error in connection establishment: net::ERR_NAME_NOT_RESOLVED @ http://localhost:3333/_next/static/chunks/node_modules_798b683d._.js:4047
[  495920ms] [ERROR] WebSocket connection to 'wss://placeholder.supabase.co/realtime/v1/websocket?apikey=placeholder-key&vsn=2.0.0' failed: Error in connection establishment: net::ERR_NAME_NOT_RESOLVED @ http://localhost:3333/_next/static/chunks/node_modules_798b683d._.js:4047
[  506178ms] [ERROR] WebSocket connection to 'wss://placeholder.supabase.co/realtime/v1/websocket?apikey=placeholder-key&vsn=2.0.0' failed: Error in connection establishment: net::ERR_NAME_NOT_RESOLVED @ http://localhost:3333/_next/static/chunks/node_modules_798b683d._.js:4047
[  510604ms] [ERROR] Failed to load resource: net::ERR_NAME_NOT_RESOLVED @ https://placeholder.supabase.co/rest/v1/v_user_current_status?select=*:0
[  518470ms] [ERROR] WebSocket connection to 'wss://placeholder.supabase.co/realtime/v1/websocket?apikey=placeholder-key&vsn=2.0.0' failed: Error in connection establishment: net::ERR_NAME_NOT_RESOLVED @ http://localhost:3333/_next/static/chunks/node_modules_798b683d._.js:4047
[  529002ms] [ERROR] WebSocket connection to 'wss://placeholder.supabase.co/realtime/v1/websocket?apikey=placeholder-key&vsn=2.0.0' failed: Error in connection establishment: net::ERR_NAME_NOT_RESOLVED @ http://localhost:3333/_next/static/chunks/node_modules_798b683d._.js:4047
[  539499ms] [ERROR] WebSocket connection to 'wss://placeholder.supabase.co/realtime/v1/websocket?apikey=placeholder-key&vsn=2.0.0' failed: Error in connection establishment: net::ERR_NAME_NOT_RESOLVED @ http://localhost:3333/_next/static/chunks/node_modules_798b683d._.js:4047
[  542537ms] [ERROR] Failed to load resource: net::ERR_NAME_NOT_RESOLVED @ https://placeholder.supabase.co/rest/v1/v_user_current_status?select=*:0
[  549791ms] [ERROR] WebSocket connection to 'wss://placeholder.supabase.co/realtime/v1/websocket?apikey=placeholder-key&vsn=2.0.0' failed: Error in connection establishment: net::ERR_NAME_NOT_RESOLVED @ http://localhost:3333/_next/static/chunks/node_modules_798b683d._.js:4047
[  560043ms] [ERROR] WebSocket connection to 'wss://placeholder.supabase.co/realtime/v1/websocket?apikey=placeholder-key&vsn=2.0.0' failed: Error in connection establishment: net::ERR_NAME_NOT_RESOLVED @ http://localhost:3333/_next/static/chunks/node_modules_798b683d._.js:4047
[  570278ms] [ERROR] WebSocket connection to 'wss://placeholder.supabase.co/realtime/v1/websocket?apikey=placeholder-key&vsn=2.0.0' failed: Error in connection establishment: net::ERR_NAME_NOT_RESOLVED @ http://localhost:3333/_next/static/chunks/node_modules_798b683d._.js:4047
[  570522ms] [ERROR] Failed to load resource: net::ERR_NAME_NOT_RESOLVED @ https://placeholder.supabase.co/rest/v1/v_user_current_status?select=*:0
[  580574ms] [ERROR] WebSocket connection to 'wss://placeholder.supabase.co/realtime/v1/websocket?apikey=placeholder-key&vsn=2.0.0' failed: Error in connection establishment: net::ERR_NAME_NOT_RESOLVED @ http://localhost:3333/_next/static/chunks/node_modules_798b683d._.js:4047
[  590916ms] [ERROR] WebSocket connection to 'wss://placeholder.supabase.co/realtime/v1/websocket?apikey=placeholder-key&vsn=2.0.0' failed: Error in connection establishment: net::ERR_NAME_NOT_RESOLVED @ http://localhost:3333/_next/static/chunks/node_modules_798b683d._.js:4047
[  600647ms] [ERROR] Failed to load resource: net::ERR_NAME_NOT_RESOLVED @ https://placeholder.supabase.co/rest/v1/v_user_current_status?select=*:0
[  601160ms] [ERROR] WebSocket connection to 'wss://placeholder.supabase.co/realtime/v1/websocket?apikey=placeholder-key&vsn=2.0.0' failed: Error in connection establishment: net::ERR_NAME_NOT_RESOLVED @ http://localhost:3333/_next/static/chunks/node_modules_798b683d._.js:4047
[  611390ms] [ERROR] WebSocket connection to 'wss://placeholder.supabase.co/realtime/v1/websocket?apikey=placeholder-key&vsn=2.0.0' failed: Error in connection establishment: net::ERR_NAME_NOT_RESOLVED @ http://localhost:3333/_next/static/chunks/node_modules_798b683d._.js:4047
[  621744ms] [ERROR] WebSocket connection to 'wss://placeholder.supabase.co/realtime/v1/websocket?apikey=placeholder-key&vsn=2.0.0' failed: Error in connection establishment: net::ERR_NAME_NOT_RESOLVED @ http://localhost:3333/_next/static/chunks/node_modules_798b683d._.js:4047
[  630856ms] [ERROR] Failed to load resource: net::ERR_NAME_NOT_RESOLVED @ https://placeholder.supabase.co/rest/v1/v_user_current_status?select=*:0
[  631994ms] [ERROR] WebSocket connection to 'wss://placeholder.supabase.co/realtime/v1/websocket?apikey=placeholder-key&vsn=2.0.0' failed: Error in connection establishment: net::ERR_NAME_NOT_RESOLVED @ http://localhost:3333/_next/static/chunks/node_modules_798b683d._.js:4047
[  642317ms] [ERROR] WebSocket connection to 'wss://placeholder.supabase.co/realtime/v1/websocket?apikey=placeholder-key&vsn=2.0.0' failed: Error in connection establishment: net::ERR_NAME_NOT_RESOLVED @ http://localhost:3333/_next/static/chunks/node_modules_798b683d._.js:4047
[  652976ms] [ERROR] WebSocket connection to 'wss://placeholder.supabase.co/realtime/v1/websocket?apikey=placeholder-key&vsn=2.0.0' failed: Error in connection establishment: net::ERR_NAME_NOT_RESOLVED @ http://localhost:3333/_next/static/chunks/node_modules_798b683d._.js:4047
[  660707ms] [ERROR] Failed to load resource: net::ERR_NAME_NOT_RESOLVED @ https://placeholder.supabase.co/rest/v1/v_user_current_status?select=*:0
[  663455ms] [ERROR] WebSocket connection to 'wss://placeholder.supabase.co/realtime/v1/websocket?apikey=placeholder-key&vsn=2.0.0' failed: Error in connection establishment: net::ERR_NAME_NOT_RESOLVED @ http://localhost:3333/_next/static/chunks/node_modules_798b683d._.js:4047
[  673666ms] [ERROR] WebSocket connection to 'wss://placeholder.supabase.co/realtime/v1/websocket?apikey=placeholder-key&vsn=2.0.0' failed: Error in connection establishment: net::ERR_NAME_NOT_RESOLVED @ http://localhost:3333/_next/static/chunks/node_modules_798b683d._.js:4047
[  683999ms] [ERROR] WebSocket connection to 'wss://placeholder.supabase.co/realtime/v1/websocket?apikey=placeholder-key&vsn=2.0.0' failed: Error in connection establishment: net::ERR_NAME_NOT_RESOLVED @ http://localhost:3333/_next/static/chunks/node_modules_798b683d._.js:4047
[  691049ms] [ERROR] Failed to load resource: net::ERR_NAME_NOT_RESOLVED @ https://placeholder.supabase.co/rest/v1/v_user_current_status?select=*:0
[  694299ms] [ERROR] WebSocket connection to 'wss://placeholder.supabase.co/realtime/v1/websocket?apikey=placeholder-key&vsn=2.0.0' failed: Error in connection establishment: net::ERR_NAME_NOT_RESOLVED @ http://localhost:3333/_next/static/chunks/node_modules_798b683d._.js:4047
[  704587ms] [ERROR] WebSocket connection to 'wss://placeholder.supabase.co/realtime/v1/websocket?apikey=placeholder-key&vsn=2.0.0' failed: Error in connection establishment: net::ERR_NAME_NOT_RESOLVED @ http://localhost:3333/_next/static/chunks/node_modules_798b683d._.js:4047
[  714883ms] [ERROR] WebSocket connection to 'wss://placeholder.supabase.co/realtime/v1/websocket?apikey=placeholder-key&vsn=2.0.0' failed: Error in connection establishment: net::ERR_NAME_NOT_RESOLVED @ http://localhost:3333/_next/static/chunks/node_modules_798b683d._.js:4047
[  720883ms] [ERROR] Failed to load resource: net::ERR_NAME_NOT_RESOLVED @ https://placeholder.supabase.co/rest/v1/v_user_current_status?select=*:0
[  725151ms] [ERROR] WebSocket connection to 'wss://placeholder.supabase.co/realtime/v1/websocket?apikey=placeholder-key&vsn=2.0.0' failed: Error in connection establishment: net::ERR_NAME_NOT_RESOLVED @ http://localhost:3333/_next/static/chunks/node_modules_798b683d._.js:4047
[  737373ms] [ERROR] WebSocket connection to 'wss://placeholder.supabase.co/realtime/v1/websocket?apikey=placeholder-key&vsn=2.0.0' failed: Error in connection establishment: net::ERR_NAME_NOT_RESOLVED @ http://localhost:3333/_next/static/chunks/node_modules_798b683d._.js:4047
[  747666ms] [ERROR] WebSocket connection to 'wss://placeholder.supabase.co/realtime/v1/websocket?apikey=placeholder-key&vsn=2.0.0' failed: Error in connection establishment: net::ERR_NAME_NOT_RESOLVED @ http://localhost:3333/_next/static/chunks/node_modules_798b683d._.js:4047
[  750705ms] [ERROR] Failed to load resource: net::ERR_NAME_NOT_RESOLVED @ https://placeholder.supabase.co/rest/v1/v_user_current_status?select=*:0
[  757984ms] [ERROR] WebSocket connection to 'wss://placeholder.supabase.co/realtime/v1/websocket?apikey=placeholder-key&vsn=2.0.0' failed: Error in connection establishment: net::ERR_NAME_NOT_RESOLVED @ http://localhost:3333/_next/static/chunks/node_modules_798b683d._.js:4047
[  768490ms] [ERROR] WebSocket connection to 'wss://placeholder.supabase.co/realtime/v1/websocket?apikey=placeholder-key&vsn=2.0.0' failed: Error in connection establishment: net::ERR_NAME_NOT_RESOLVED @ http://localhost:3333/_next/static/chunks/node_modules_798b683d._.js:4047
[  779107ms] [ERROR] WebSocket connection to 'wss://placeholder.supabase.co/realtime/v1/websocket?apikey=placeholder-key&vsn=2.0.0' failed: Error in connection establishment: net::ERR_NAME_NOT_RESOLVED @ http://localhost:3333/_next/static/chunks/node_modules_798b683d._.js:4047
[  780708ms] [ERROR] Failed to load resource: net::ERR_NAME_NOT_RESOLVED @ https://placeholder.supabase.co/rest/v1/v_user_current_status?select=*:0
[  789366ms] [ERROR] WebSocket connection to 'wss://placeholder.supabase.co/realtime/v1/websocket?apikey=placeholder-key&vsn=2.0.0' failed: Error in connection establishment: net::ERR_NAME_NOT_RESOLVED @ http://localhost:3333/_next/static/chunks/node_modules_798b683d._.js:4047
[  799578ms] [ERROR] WebSocket connection to 'wss://placeholder.supabase.co/realtime/v1/websocket?apikey=placeholder-key&vsn=2.0.0' failed: Error in connection establishment: net::ERR_NAME_NOT_RESOLVED @ http://localhost:3333/_next/static/chunks/node_modules_798b683d._.js:4047
[  809970ms] [ERROR] WebSocket connection to 'wss://placeholder.supabase.co/realtime/v1/websocket?apikey=placeholder-key&vsn=2.0.0' failed: Error in connection establishment: net::ERR_NAME_NOT_RESOLVED @ http://localhost:3333/_next/static/chunks/node_modules_798b683d._.js:4047
[  810878ms] [ERROR] Failed to load resource: net::ERR_NAME_NOT_RESOLVED @ https://placeholder.supabase.co/rest/v1/v_user_current_status?select=*:0
[  820402ms] [ERROR] WebSocket connection to 'wss://placeholder.supabase.co/realtime/v1/websocket?apikey=placeholder-key&vsn=2.0.0' failed: Error in connection establishment: net::ERR_NAME_NOT_RESOLVED @ http://localhost:3333/_next/static/chunks/node_modules_798b683d._.js:4047
[  830741ms] [ERROR] WebSocket connection to 'wss://placeholder.supabase.co/realtime/v1/websocket?apikey=placeholder-key&vsn=2.0.0' failed: Error in connection establishment: net::ERR_NAME_NOT_RESOLVED @ http://localhost:3333/_next/static/chunks/node_modules_798b683d._.js:4047
[  840903ms] [ERROR] WebSocket connection to 'wss://placeholder.supabase.co/realtime/v1/websocket?apikey=placeholder-key&vsn=2.0.0' failed: Error in connection establishment: net::ERR_NAME_NOT_RESOLVED @ http://localhost:3333/_next/static/chunks/node_modules_798b683d._.js:4047
[  840904ms] [ERROR] Failed to load resource: net::ERR_NAME_NOT_RESOLVED @ https://placeholder.supabase.co/rest/v1/v_user_current_status?select=*:0
[  851145ms] [ERROR] WebSocket connection to 'wss://placeholder.supabase.co/realtime/v1/websocket?apikey=placeholder-key&vsn=2.0.0' failed: Error in connection establishment: net::ERR_NAME_NOT_RESOLVED @ http://localhost:3333/_next/static/chunks/node_modules_798b683d._.js:4047
[  861396ms] [ERROR] WebSocket connection to 'wss://placeholder.supabase.co/realtime/v1/websocket?apikey=placeholder-key&vsn=2.0.0' failed: Error in connection establishment: net::ERR_NAME_NOT_RESOLVED @ http://localhost:3333/_next/static/chunks/node_modules_798b683d._.js:4047
[  870778ms] [ERROR] Failed to load resource: net::ERR_NAME_NOT_RESOLVED @ https://placeholder.supabase.co/rest/v1/v_user_current_status?select=*:0
[  871804ms] [ERROR] WebSocket connection to 'wss://placeholder.supabase.co/realtime/v1/websocket?apikey=placeholder-key&vsn=2.0.0' failed: Error in connection establishment: net::ERR_NAME_NOT_RESOLVED @ http://localhost:3333/_next/static/chunks/node_modules_798b683d._.js:4047
[  882066ms] [ERROR] WebSocket connection to 'wss://placeholder.supabase.co/realtime/v1/websocket?apikey=placeholder-key&vsn=2.0.0' failed: Error in connection establishment: net::ERR_NAME_NOT_RESOLVED @ http://localhost:3333/_next/static/chunks/node_modules_798b683d._.js:4047
[  892346ms] [ERROR] WebSocket connection to 'wss://placeholder.supabase.co/realtime/v1/websocket?apikey=placeholder-key&vsn=2.0.0' failed: Error in connection establishment: net::ERR_NAME_NOT_RESOLVED @ http://localhost:3333/_next/static/chunks/node_modules_798b683d._.js:4047
[  900708ms] [ERROR] Failed to load resource: net::ERR_NAME_NOT_RESOLVED @ https://placeholder.supabase.co/rest/v1/v_user_current_status?select=*:0
[  902694ms] [ERROR] WebSocket connection to 'wss://placeholder.supabase.co/realtime/v1/websocket?apikey=placeholder-key&vsn=2.0.0' failed: Error in connection establishment: net::ERR_NAME_NOT_RESOLVED @ http://localhost:3333/_next/static/chunks/node_modules_798b683d._.js:4047
[  913256ms] [ERROR] WebSocket connection to 'wss://placeholder.supabase.co/realtime/v1/websocket?apikey=placeholder-key&vsn=2.0.0' failed: Error in connection establishment: net::ERR_NAME_NOT_RESOLVED @ http://localhost:3333/_next/static/chunks/node_modules_798b683d._.js:4047
[  923512ms] [ERROR] WebSocket connection to 'wss://placeholder.supabase.co/realtime/v1/websocket?apikey=placeholder-key&vsn=2.0.0' failed: Error in connection establishment: net::ERR_NAME_NOT_RESOLVED @ http://localhost:3333/_next/static/chunks/node_modules_798b683d._.js:4047
[  930618ms] [ERROR] Failed to load resource: net::ERR_NAME_NOT_RESOLVED @ https://placeholder.supabase.co/rest/v1/v_user_current_status?select=*:0
[  933783ms] [ERROR] WebSocket connection to 'wss://placeholder.supabase.co/realtime/v1/websocket?apikey=placeholder-key&vsn=2.0.0' failed: Error in connection establishment: net::ERR_NAME_NOT_RESOLVED @ http://localhost:3333/_next/static/chunks/node_modules_798b683d._.js:4047
[  944091ms] [ERROR] WebSocket connection to 'wss://placeholder.supabase.co/realtime/v1/websocket?apikey=placeholder-key&vsn=2.0.0' failed: Error in connection establishment: net::ERR_NAME_NOT_RESOLVED @ http://localhost:3333/_next/static/chunks/node_modules_798b683d._.js:4047
[  954346ms] [ERROR] WebSocket connection to 'wss://placeholder.supabase.co/realtime/v1/websocket?apikey=placeholder-key&vsn=2.0.0' failed: Error in connection establishment: net::ERR_NAME_NOT_RESOLVED @ http://localhost:3333/_next/static/chunks/node_modules_798b683d._.js:4047
[  960814ms] [ERROR] Failed to load resource: net::ERR_NAME_NOT_RESOLVED @ https://placeholder.supabase.co/rest/v1/v_user_current_status?select=*:0
[  964561ms] [ERROR] WebSocket connection to 'wss://placeholder.supabase.co/realtime/v1/websocket?apikey=placeholder-key&vsn=2.0.0' failed: Error in connection establishment: net::ERR_NAME_NOT_RESOLVED @ http://localhost:3333/_next/static/chunks/node_modules_798b683d._.js:4047
[  974822ms] [ERROR] WebSocket connection to 'wss://placeholder.supabase.co/realtime/v1/websocket?apikey=placeholder-key&vsn=2.0.0' failed: Error in connection establishment: net::ERR_NAME_NOT_RESOLVED @ http://localhost:3333/_next/static/chunks/node_modules_798b683d._.js:4047
[  985099ms] [ERROR] WebSocket connection to 'wss://placeholder.supabase.co/realtime/v1/websocket?apikey=placeholder-key&vsn=2.0.0' failed: Error in connection establishment: net::ERR_NAME_NOT_RESOLVED @ http://localhost:3333/_next/static/chunks/node_modules_798b683d._.js:4047
[  990713ms] [ERROR] Failed to load resource: net::ERR_NAME_NOT_RESOLVED @ https://placeholder.supabase.co/rest/v1/v_user_current_status?select=*:0
[  995352ms] [ERROR] WebSocket connection to 'wss://placeholder.supabase.co/realtime/v1/websocket?apikey=placeholder-key&vsn=2.0.0' failed: Error in connection establishment: net::ERR_NAME_NOT_RESOLVED @ http://localhost:3333/_next/static/chunks/node_modules_798b683d._.js:4047
[ 1005688ms] [ERROR] WebSocket connection to 'wss://placeholder.supabase.co/realtime/v1/websocket?apikey=placeholder-key&vsn=2.0.0' failed: Error in connection establishment: net::ERR_NAME_NOT_RESOLVED @ http://localhost:3333/_next/static/chunks/node_modules_798b683d._.js:4047
[ 1015958ms] [ERROR] WebSocket connection to 'wss://placeholder.supabase.co/realtime/v1/websocket?apikey=placeholder-key&vsn=2.0.0' failed: Error in connection establishment: net::ERR_NAME_NOT_RESOLVED @ http://localhost:3333/_next/static/chunks/node_modules_798b683d._.js:4047
[ 1020745ms] [ERROR] Failed to load resource: net::ERR_NAME_NOT_RESOLVED @ https://placeholder.supabase.co/rest/v1/v_user_current_status?select=*:0
[ 1026771ms] [ERROR] WebSocket connection to 'wss://placeholder.supabase.co/realtime/v1/websocket?apikey=placeholder-key&vsn=2.0.0' failed: Error in connection establishment: net::ERR_NAME_NOT_RESOLVED @ http://localhost:3333/_next/static/chunks/node_modules_798b683d._.js:4047
[ 1037157ms] [ERROR] WebSocket connection to 'wss://placeholder.supabase.co/realtime/v1/websocket?apikey=placeholder-key&vsn=2.0.0' failed: Error in connection establishment: net::ERR_NAME_NOT_RESOLVED @ http://localhost:3333/_next/static/chunks/node_modules_798b683d._.js:4047
[ 1047368ms] [ERROR] WebSocket connection to 'wss://placeholder.supabase.co/realtime/v1/websocket?apikey=placeholder-key&vsn=2.0.0' failed: Error in connection establishment: net::ERR_NAME_NOT_RESOLVED @ http://localhost:3333/_next/static/chunks/node_modules_798b683d._.js:4047
[ 1051276ms] [ERROR] Failed to load resource: net::ERR_NAME_NOT_RESOLVED @ https://placeholder.supabase.co/rest/v1/v_user_current_status?select=*:0
[ 1057608ms] [ERROR] WebSocket connection to 'wss://placeholder.supabase.co/realtime/v1/websocket?apikey=placeholder-key&vsn=2.0.0' failed: Error in connection establishment: net::ERR_NAME_NOT_RESOLVED @ http://localhost:3333/_next/static/chunks/node_modules_798b683d._.js:4047
[ 1067853ms] [ERROR] WebSocket connection to 'wss://placeholder.supabase.co/realtime/v1/websocket?apikey=placeholder-key&vsn=2.0.0' failed: Error in connection establishment: net::ERR_NAME_NOT_RESOLVED @ http://localhost:3333/_next/static/chunks/node_modules_798b683d._.js:4047
[ 1078116ms] [ERROR] WebSocket connection to 'wss://placeholder.supabase.co/realtime/v1/websocket?apikey=placeholder-key&vsn=2.0.0' failed: Error in connection establishment: net::ERR_NAME_NOT_RESOLVED @ http://localhost:3333/_next/static/chunks/node_modules_798b683d._.js:4047
[ 1080719ms] [ERROR] Failed to load resource: net::ERR_NAME_NOT_RESOLVED @ https://placeholder.supabase.co/rest/v1/v_user_current_status?select=*:0
[ 1088336ms] [ERROR] WebSocket connection to 'wss://placeholder.supabase.co/realtime/v1/websocket?apikey=placeholder-key&vsn=2.0.0' failed: Error in connection establishment: net::ERR_NAME_NOT_RESOLVED @ http://localhost:3333/_next/static/chunks/node_modules_798b683d._.js:4047
[ 1099546ms] [ERROR] WebSocket connection to 'wss://placeholder.supabase.co/realtime/v1/websocket?apikey=placeholder-key&vsn=2.0.0' failed: Error in connection establishment: net::ERR_NAME_NOT_RESOLVED @ http://localhost:3333/_next/static/chunks/node_modules_798b683d._.js:4047
[ 1109828ms] [ERROR] WebSocket connection to 'wss://placeholder.supabase.co/realtime/v1/websocket?apikey=placeholder-key&vsn=2.0.0' failed: Error in connection establishment: net::ERR_NAME_NOT_RESOLVED @ http://localhost:3333/_next/static/chunks/node_modules_798b683d._.js:4047
[ 1110721ms] [ERROR] Failed to load resource: net::ERR_NAME_NOT_RESOLVED @ https://placeholder.supabase.co/rest/v1/v_user_current_status?select=*:0
[ 1120120ms] [ERROR] WebSocket connection to 'wss://placeholder.supabase.co/realtime/v1/websocket?apikey=placeholder-key&vsn=2.0.0' failed: Error in connection establishment: net::ERR_NAME_NOT_RESOLVED @ http://localhost:3333/_next/static/chunks/node_modules_798b683d._.js:4047
[ 1130382ms] [ERROR] WebSocket connection to 'wss://placeholder.supabase.co/realtime/v1/websocket?apikey=placeholder-key&vsn=2.0.0' failed: Error in connection establishment: net::ERR_NAME_NOT_RESOLVED @ http://localhost:3333/_next/static/chunks/node_modules_798b683d._.js:4047
[ 1142385ms] [ERROR] WebSocket connection to 'wss://placeholder.supabase.co/realtime/v1/websocket?apikey=placeholder-key&vsn=2.0.0' failed: Error in connection establishment: net::ERR_NAME_NOT_RESOLVED @ http://localhost:3333/_next/static/chunks/node_modules_798b683d._.js:4047
[ 1142560ms] [ERROR] Failed to load resource: net::ERR_NAME_NOT_RESOLVED @ https://placeholder.supabase.co/rest/v1/v_user_current_status?select=*:0
[ 1152815ms] [ERROR] WebSocket connection to 'wss://placeholder.supabase.co/realtime/v1/websocket?apikey=placeholder-key&vsn=2.0.0' failed: Error in connection establishment: net::ERR_NAME_NOT_RESOLVED @ http://localhost:3333/_next/static/chunks/node_modules_798b683d._.js:4047
[ 1163178ms] [ERROR] WebSocket connection to 'wss://placeholder.supabase.co/realtime/v1/websocket?apikey=placeholder-key&vsn=2.0.0' failed: Error in connection establishment: net::ERR_NAME_NOT_RESOLVED @ http://localhost:3333/_next/static/chunks/node_modules_798b683d._.js:4047
[ 1170844ms] [ERROR] Failed to load resource: net::ERR_NAME_NOT_RESOLVED @ https://placeholder.supabase.co/rest/v1/v_user_current_status?select=*:0
[ 1173473ms] [ERROR] WebSocket connection to 'wss://placeholder.supabase.co/realtime/v1/websocket?apikey=placeholder-key&vsn=2.0.0' failed: Error in connection establishment: net::ERR_NAME_NOT_RESOLVED @ http://localhost:3333/_next/static/chunks/node_modules_798b683d._.js:4047
[ 1183841ms] [ERROR] WebSocket connection to 'wss://placeholder.supabase.co/realtime/v1/websocket?apikey=placeholder-key&vsn=2.0.0' failed: Error in connection establishment: net::ERR_NAME_NOT_RESOLVED @ http://localhost:3333/_next/static/chunks/node_modules_798b683d._.js:4047
[ 1194047ms] [ERROR] WebSocket connection to 'wss://placeholder.supabase.co/realtime/v1/websocket?apikey=placeholder-key&vsn=2.0.0' failed: Error in connection establishment: net::ERR_NAME_NOT_RESOLVED @ http://localhost:3333/_next/static/chunks/node_modules_798b683d._.js:4047
[ 1201246ms] [ERROR] Failed to load resource: net::ERR_NAME_NOT_RESOLVED @ https://placeholder.supabase.co/rest/v1/v_user_current_status?select=*:0
[ 1204278ms] [ERROR] WebSocket connection to 'wss://placeholder.supabase.co/realtime/v1/websocket?apikey=placeholder-key&vsn=2.0.0' failed: Error in connection establishment: net::ERR_NAME_NOT_RESOLVED @ http://localhost:3333/_next/static/chunks/node_modules_798b683d._.js:4047
[ 1214579ms] [ERROR] WebSocket connection to 'wss://placeholder.supabase.co/realtime/v1/websocket?apikey=placeholder-key&vsn=2.0.0' failed: Error in connection establishment: net::ERR_NAME_NOT_RESOLVED @ http://localhost:3333/_next/static/chunks/node_modules_798b683d._.js:4047
[ 1224821ms] [ERROR] WebSocket connection to 'wss://placeholder.supabase.co/realtime/v1/websocket?apikey=placeholder-key&vsn=2.0.0' failed: Error in connection establishment: net::ERR_NAME_NOT_RESOLVED @ http://localhost:3333/_next/static/chunks/node_modules_798b683d._.js:4047
[ 1230759ms] [ERROR] Failed to load resource: net::ERR_NAME_NOT_RESOLVED @ https://placeholder.supabase.co/rest/v1/v_user_current_status?select=*:0
[ 1235060ms] [ERROR] WebSocket connection to 'wss://placeholder.supabase.co/realtime/v1/websocket?apikey=placeholder-key&vsn=2.0.0' failed: Error in connection establishment: net::ERR_NAME_NOT_RESOLVED @ http://localhost:3333/_next/static/chunks/node_modules_798b683d._.js:4047
[ 1245789ms] [ERROR] WebSocket connection to 'wss://placeholder.supabase.co/realtime/v1/websocket?apikey=placeholder-key&vsn=2.0.0' failed: Error in connection establishment: net::ERR_NAME_NOT_RESOLVED @ http://localhost:3333/_next/static/chunks/node_modules_798b683d._.js:4047
[ 1256094ms] [ERROR] WebSocket connection to 'wss://placeholder.supabase.co/realtime/v1/websocket?apikey=placeholder-key&vsn=2.0.0' failed: Error in connection establishment: net::ERR_NAME_NOT_RESOLVED @ http://localhost:3333/_next/static/chunks/node_modules_798b683d._.js:4047
[ 1260870ms] [ERROR] Failed to load resource: net::ERR_NAME_NOT_RESOLVED @ https://placeholder.supabase.co/rest/v1/v_user_current_status?select=*:0
[ 1266425ms] [ERROR] WebSocket connection to 'wss://placeholder.supabase.co/realtime/v1/websocket?apikey=placeholder-key&vsn=2.0.0' failed: Error in connection establishment: net::ERR_NAME_NOT_RESOLVED @ http://localhost:3333/_next/static/chunks/node_modules_798b683d._.js:4047
[ 1276779ms] [ERROR] WebSocket connection to 'wss://placeholder.supabase.co/realtime/v1/websocket?apikey=placeholder-key&vsn=2.0.0' failed: Error in connection establishment: net::ERR_NAME_NOT_RESOLVED @ http://localhost:3333/_next/static/chunks/node_modules_798b683d._.js:4047
[ 1287261ms] [ERROR] WebSocket connection to 'wss://placeholder.supabase.co/realtime/v1/websocket?apikey=placeholder-key&vsn=2.0.0' failed: Error in connection establishment: net::ERR_NAME_NOT_RESOLVED @ http://localhost:3333/_next/static/chunks/node_modules_798b683d._.js:4047
[ 1290686ms] [ERROR] Failed to load resource: net::ERR_NAME_NOT_RESOLVED @ https://placeholder.supabase.co/rest/v1/v_user_current_status?select=*:0
[ 1297562ms] [ERROR] WebSocket connection to 'wss://placeholder.supabase.co/realtime/v1/websocket?apikey=placeholder-key&vsn=2.0.0' failed: Error in connection establishment: net::ERR_NAME_NOT_RESOLVED @ http://localhost:3333/_next/static/chunks/node_modules_798b683d._.js:4047
[ 1310252ms] [ERROR] WebSocket connection to 'wss://placeholder.supabase.co/realtime/v1/websocket?apikey=placeholder-key&vsn=2.0.0' failed: Error in connection establishment: net::ERR_NAME_NOT_RESOLVED @ http://localhost:3333/_next/static/chunks/node_modules_798b683d._.js:4047
[ 1326612ms] [ERROR] WebSocket connection to 'wss://placeholder.supabase.co/realtime/v1/websocket?apikey=placeholder-key&vsn=2.0.0' failed: Error in connection establishment: net::ERR_NAME_NOT_RESOLVED @ http://localhost:3333/_next/static/chunks/node_modules_798b683d._.js:4047
[ 1332946ms] [ERROR] Failed to load resource: net::ERR_NAME_NOT_RESOLVED @ https://placeholder.supabase.co/rest/v1/v_user_current_status?select=*:0
[ 1336866ms] [ERROR] WebSocket connection to 'wss://placeholder.supabase.co/realtime/v1/websocket?apikey=placeholder-key&vsn=2.0.0' failed: Error in connection establishment: net::ERR_NAME_NOT_RESOLVED @ http://localhost:3333/_next/static/chunks/node_modules_798b683d._.js:4047
[ 1347151ms] [ERROR] WebSocket connection to 'wss://placeholder.supabase.co/realtime/v1/websocket?apikey=placeholder-key&vsn=2.0.0' failed: Error in connection establishment: net::ERR_NAME_NOT_RESOLVED @ http://localhost:3333/_next/static/chunks/node_modules_798b683d._.js:4047
[ 1351514ms] [ERROR] Failed to load resource: net::ERR_NAME_NOT_RESOLVED @ https://placeholder.supabase.co/rest/v1/v_user_current_status?select=*:0
[ 1357419ms] [ERROR] WebSocket connection to 'wss://placeholder.supabase.co/realtime/v1/websocket?apikey=placeholder-key&vsn=2.0.0' failed: Error in connection establishment: net::ERR_NAME_NOT_RESOLVED @ http://localhost:3333/_next/static/chunks/node_modules_798b683d._.js:4047
[ 1367663ms] [ERROR] WebSocket connection to 'wss://placeholder.supabase.co/realtime/v1/websocket?apikey=placeholder-key&vsn=2.0.0' failed: Error in connection establishment: net::ERR_NAME_NOT_RESOLVED @ http://localhost:3333/_next/static/chunks/node_modules_798b683d._.js:4047
[ 1381922ms] [ERROR] WebSocket connection to 'wss://placeholder.supabase.co/realtime/v1/websocket?apikey=placeholder-key&vsn=2.0.0' failed: Error in connection establishment: net::ERR_NAME_NOT_RESOLVED @ http://localhost:3333/_next/static/chunks/node_modules_798b683d._.js:4047
[ 1388259ms] [ERROR] Failed to load resource: net::ERR_NAME_NOT_RESOLVED @ https://placeholder.supabase.co/rest/v1/v_user_current_status?select=*:0
[ 1394139ms] [ERROR] WebSocket connection to 'wss://placeholder.supabase.co/realtime/v1/websocket?apikey=placeholder-key&vsn=2.0.0' failed: Error in connection establishment: net::ERR_NAME_NOT_RESOLVED @ http://localhost:3333/_next/static/chunks/node_modules_798b683d._.js:4047
[ 1405224ms] [ERROR] WebSocket connection to 'wss://placeholder.supabase.co/realtime/v1/websocket?apikey=placeholder-key&vsn=2.0.0' failed: Error in connection establishment: net::ERR_NAME_NOT_RESOLVED @ http://localhost:3333/_next/static/chunks/node_modules_798b683d._.js:4047
[ 1410746ms] [ERROR] Failed to load resource: net::ERR_NAME_NOT_RESOLVED @ https://placeholder.supabase.co/rest/v1/v_user_current_status?select=*:0
[ 1415544ms] [ERROR] WebSocket connection to 'wss://placeholder.supabase.co/realtime/v1/websocket?apikey=placeholder-key&vsn=2.0.0' failed: Error in connection establishment: net::ERR_NAME_NOT_RESOLVED @ http://localhost:3333/_next/static/chunks/node_modules_798b683d._.js:4047
[ 1427832ms] [ERROR] WebSocket connection to 'wss://placeholder.supabase.co/realtime/v1/websocket?apikey=placeholder-key&vsn=2.0.0' failed: Error in connection establishment: net::ERR_NAME_NOT_RESOLVED @ http://localhost:3333/_next/static/chunks/node_modules_798b683d._.js:4047
[ 1438101ms] [ERROR] WebSocket connection to 'wss://placeholder.supabase.co/realtime/v1/websocket?apikey=placeholder-key&vsn=2.0.0' failed: Error in connection establishment: net::ERR_NAME_NOT_RESOLVED @ http://localhost:3333/_next/static/chunks/node_modules_798b683d._.js:4047
[ 1441074ms] [ERROR] Failed to load resource: net::ERR_NAME_NOT_RESOLVED @ https://placeholder.supabase.co/rest/v1/v_user_current_status?select=*:0
[ 1448752ms] [ERROR] WebSocket connection to 'wss://placeholder.supabase.co/realtime/v1/websocket?apikey=placeholder-key&vsn=2.0.0' failed: Error in connection establishment: net::ERR_NAME_NOT_RESOLVED @ http://localhost:3333/_next/static/chunks/node_modules_798b683d._.js:4047
[ 1459045ms] [ERROR] WebSocket connection to 'wss://placeholder.supabase.co/realtime/v1/websocket?apikey=placeholder-key&vsn=2.0.0' failed: Error in connection establishment: net::ERR_NAME_NOT_RESOLVED @ http://localhost:3333/_next/static/chunks/node_modules_798b683d._.js:4047
[ 1469316ms] [ERROR] WebSocket connection to 'wss://placeholder.supabase.co/realtime/v1/websocket?apikey=placeholder-key&vsn=2.0.0' failed: Error in connection establishment: net::ERR_NAME_NOT_RESOLVED @ http://localhost:3333/_next/static/chunks/node_modules_798b683d._.js:4047
[ 1470852ms] [ERROR] Failed to load resource: net::ERR_NAME_NOT_RESOLVED @ https://placeholder.supabase.co/rest/v1/v_user_current_status?select=*:0
[ 1481227ms] [ERROR] WebSocket connection to 'wss://placeholder.supabase.co/realtime/v1/websocket?apikey=placeholder-key&vsn=2.0.0' failed: Error in connection establishment: net::ERR_NAME_NOT_RESOLVED @ http://localhost:3333/_next/static/chunks/node_modules_798b683d._.js:4047
[ 1491558ms] [ERROR] WebSocket connection to 'wss://placeholder.supabase.co/realtime/v1/websocket?apikey=placeholder-key&vsn=2.0.0' failed: Error in connection establishment: net::ERR_NAME_NOT_RESOLVED @ http://localhost:3333/_next/static/chunks/node_modules_798b683d._.js:4047
[ 1500767ms] [ERROR] Failed to load resource: net::ERR_NAME_NOT_RESOLVED @ https://placeholder.supabase.co/rest/v1/v_user_current_status?select=*:0
[ 1501856ms] [ERROR] WebSocket connection to 'wss://placeholder.supabase.co/realtime/v1/websocket?apikey=placeholder-key&vsn=2.0.0' failed: Error in connection establishment: net::ERR_NAME_NOT_RESOLVED @ http://localhost:3333/_next/static/chunks/node_modules_798b683d._.js:4047
[ 1514121ms] [ERROR] WebSocket connection to 'wss://placeholder.supabase.co/realtime/v1/websocket?apikey=placeholder-key&vsn=2.0.0' failed: Error in connection establishment: net::ERR_NAME_NOT_RESOLVED @ http://localhost:3333/_next/static/chunks/node_modules_798b683d._.js:4047
[ 1525858ms] [ERROR] WebSocket connection to 'wss://placeholder.supabase.co/realtime/v1/websocket?apikey=placeholder-key&vsn=2.0.0' failed: Error in connection establishment: net::ERR_NAME_NOT_RESOLVED @ http://localhost:3333/_next/static/chunks/node_modules_798b683d._.js:4047
[ 1530873ms] [ERROR] Failed to load resource: net::ERR_NAME_NOT_RESOLVED @ https://placeholder.supabase.co/rest/v1/v_user_current_status?select=*:0
[ 1536172ms] [ERROR] WebSocket connection to 'wss://placeholder.supabase.co/realtime/v1/websocket?apikey=placeholder-key&vsn=2.0.0' failed: Error in connection establishment: net::ERR_NAME_NOT_RESOLVED @ http://localhost:3333/_next/static/chunks/node_modules_798b683d._.js:4047
[ 1546426ms] [ERROR] WebSocket connection to 'wss://placeholder.supabase.co/realtime/v1/websocket?apikey=placeholder-key&vsn=2.0.0' failed: Error in connection establishment: net::ERR_NAME_NOT_RESOLVED @ http://localhost:3333/_next/static/chunks/node_modules_798b683d._.js:4047
[ 1557499ms] [ERROR] WebSocket connection to 'wss://placeholder.supabase.co/realtime/v1/websocket?apikey=placeholder-key&vsn=2.0.0' failed: Error in connection establishment: net::ERR_NAME_NOT_RESOLVED @ http://localhost:3333/_next/static/chunks/node_modules_798b683d._.js:4047
[ 1560882ms] [ERROR] Failed to load resource: net::ERR_NAME_NOT_RESOLVED @ https://placeholder.supabase.co/rest/v1/v_user_current_status?select=*:0
[ 1567754ms] [ERROR] WebSocket connection to 'wss://placeholder.supabase.co/realtime/v1/websocket?apikey=placeholder-key&vsn=2.0.0' failed: Error in connection establishment: net::ERR_NAME_NOT_RESOLVED @ http://localhost:3333/_next/static/chunks/node_modules_798b683d._.js:4047
[ 1582187ms] [ERROR] WebSocket connection to 'wss://placeholder.supabase.co/realtime/v1/websocket?apikey=placeholder-key&vsn=2.0.0' failed: Error in connection establishment: net::ERR_NAME_NOT_RESOLVED @ http://localhost:3333/_next/static/chunks/node_modules_798b683d._.js:4047
[ 1594562ms] [ERROR] WebSocket connection to 'wss://placeholder.supabase.co/realtime/v1/websocket?apikey=placeholder-key&vsn=2.0.0' failed: Error in connection establishment: net::ERR_NAME_NOT_RESOLVED @ http://localhost:3333/_next/static/chunks/node_modules_798b683d._.js:4047
[ 1596145ms] [ERROR] Failed to load resource: net::ERR_NAME_NOT_RESOLVED @ https://placeholder.supabase.co/rest/v1/v_user_current_status?select=*:0
[ 1604929ms] [ERROR] WebSocket connection to 'wss://placeholder.supabase.co/realtime/v1/websocket?apikey=placeholder-key&vsn=2.0.0' failed: Error in connection establishment: net::ERR_NAME_NOT_RESOLVED @ http://localhost:3333/_next/static/chunks/node_modules_798b683d._.js:4047
[ 1615199ms] [ERROR] WebSocket connection to 'wss://placeholder.supabase.co/realtime/v1/websocket?apikey=placeholder-key&vsn=2.0.0' failed: Error in connection establishment: net::ERR_NAME_NOT_RESOLVED @ http://localhost:3333/_next/static/chunks/node_modules_798b683d._.js:4047
[ 1620922ms] [ERROR] Failed to load resource: net::ERR_NAME_NOT_RESOLVED @ https://placeholder.supabase.co/rest/v1/v_user_current_status?select=*:0
[ 1628161ms] [ERROR] WebSocket connection to 'wss://placeholder.supabase.co/realtime/v1/websocket?apikey=placeholder-key&vsn=2.0.0' failed: Error in connection establishment: net::ERR_NAME_NOT_RESOLVED @ http://localhost:3333/_next/static/chunks/node_modules_798b683d._.js:4047
[ 1638612ms] [ERROR] WebSocket connection to 'wss://placeholder.supabase.co/realtime/v1/websocket?apikey=placeholder-key&vsn=2.0.0' failed: Error in connection establishment: net::ERR_NAME_NOT_RESOLVED @ http://localhost:3333/_next/static/chunks/node_modules_798b683d._.js:4047
[ 1648935ms] [ERROR] WebSocket connection to 'wss://placeholder.supabase.co/realtime/v1/websocket?apikey=placeholder-key&vsn=2.0.0' failed: Error in connection establishment: net::ERR_NAME_NOT_RESOLVED @ http://localhost:3333/_next/static/chunks/node_modules_798b683d._.js:4047
[ 1652336ms] [ERROR] Failed to load resource: net::ERR_NAME_NOT_RESOLVED @ https://placeholder.supabase.co/rest/v1/v_user_current_status?select=*:0
[ 1659199ms] [ERROR] WebSocket connection to 'wss://placeholder.supabase.co/realtime/v1/websocket?apikey=placeholder-key&vsn=2.0.0' failed: Error in connection establishment: net::ERR_NAME_NOT_RESOLVED @ http://localhost:3333/_next/static/chunks/node_modules_798b683d._.js:4047
[ 1671467ms] [ERROR] WebSocket connection to 'wss://placeholder.supabase.co/realtime/v1/websocket?apikey=placeholder-key&vsn=2.0.0' failed: Error in connection establishment: net::ERR_NAME_NOT_RESOLVED @ http://localhost:3333/_next/static/chunks/node_modules_798b683d._.js:4047
[ 1680783ms] [ERROR] Failed to load resource: net::ERR_NAME_NOT_RESOLVED @ https://placeholder.supabase.co/rest/v1/v_user_current_status?select=*:0
[ 1681794ms] [ERROR] WebSocket connection to 'wss://placeholder.supabase.co/realtime/v1/websocket?apikey=placeholder-key&vsn=2.0.0' failed: Error in connection establishment: net::ERR_NAME_NOT_RESOLVED @ http://localhost:3333/_next/static/chunks/node_modules_798b683d._.js:4047
[ 1692016ms] [ERROR] WebSocket connection to 'wss://placeholder.supabase.co/realtime/v1/websocket?apikey=placeholder-key&vsn=2.0.0' failed: Error in connection establishment: net::ERR_NAME_NOT_RESOLVED @ http://localhost:3333/_next/static/chunks/node_modules_798b683d._.js:4047
[ 1702256ms] [ERROR] WebSocket connection to 'wss://placeholder.supabase.co/realtime/v1/websocket?apikey=placeholder-key&vsn=2.0.0' failed: Error in connection establishment: net::ERR_NAME_NOT_RESOLVED @ http://localhost:3333/_next/static/chunks/node_modules_798b683d._.js:4047
[ 1713799ms] [ERROR] WebSocket connection to 'wss://placeholder.supabase.co/realtime/v1/websocket?apikey=placeholder-key&vsn=2.0.0' failed: Error in connection establishment: net::ERR_NAME_NOT_RESOLVED @ http://localhost:3333/_next/static/chunks/node_modules_798b683d._.js:4047
[ 1713801ms] [ERROR] Failed to load resource: net::ERR_NAME_NOT_RESOLVED @ https://placeholder.supabase.co/rest/v1/v_user_current_status?select=*:0
[ 1726081ms] [ERROR] WebSocket connection to 'wss://placeholder.supabase.co/realtime/v1/websocket?apikey=placeholder-key&vsn=2.0.0' failed: Error in connection establishment: net::ERR_NAME_NOT_RESOLVED @ http://localhost:3333/_next/static/chunks/node_modules_798b683d._.js:4047
[ 1738001ms] [ERROR] WebSocket connection to 'wss://placeholder.supabase.co/realtime/v1/websocket?apikey=placeholder-key&vsn=2.0.0' failed: Error in connection establishment: net::ERR_NAME_NOT_RESOLVED @ http://localhost:3333/_next/static/chunks/node_modules_798b683d._.js:4047
[ 1741758ms] [ERROR] Failed to load resource: net::ERR_NAME_NOT_RESOLVED @ https://placeholder.supabase.co/rest/v1/v_user_current_status?select=*:0
[ 1749629ms] [ERROR] WebSocket connection to 'wss://placeholder.supabase.co/realtime/v1/websocket?apikey=placeholder-key&vsn=2.0.0' failed: Error in connection establishment: net::ERR_NAME_NOT_RESOLVED @ http://localhost:3333/_next/static/chunks/node_modules_798b683d._.js:4047
[ 1761130ms] [ERROR] WebSocket connection to 'wss://placeholder.supabase.co/realtime/v1/websocket?apikey=placeholder-key&vsn=2.0.0' failed: Error in connection establishment: net::ERR_NAME_NOT_RESOLVED @ http://localhost:3333/_next/static/chunks/node_modules_798b683d._.js:4047
[ 1772015ms] [ERROR] WebSocket connection to 'wss://placeholder.supabase.co/realtime/v1/websocket?apikey=placeholder-key&vsn=2.0.0' failed: Error in connection establishment: net::ERR_NAME_NOT_RESOLVED @ http://localhost:3333/_next/static/chunks/node_modules_798b683d._.js:4047
[ 1773750ms] [ERROR] Failed to load resource: net::ERR_NAME_NOT_RESOLVED @ https://placeholder.supabase.co/rest/v1/v_user_current_status?select=*:0
[ 1783895ms] [ERROR] WebSocket connection to 'wss://placeholder.supabase.co/realtime/v1/websocket?apikey=placeholder-key&vsn=2.0.0' failed: Error in connection establishment: net::ERR_NAME_NOT_RESOLVED @ http://localhost:3333/_next/static/chunks/node_modules_798b683d._.js:4047
[ 1794718ms] [ERROR] WebSocket connection to 'wss://placeholder.supabase.co/realtime/v1/websocket?apikey=placeholder-key&vsn=2.0.0' failed: Error in connection establishment: net::ERR_NAME_NOT_RESOLVED @ http://localhost:3333/_next/static/chunks/node_modules_798b683d._.js:4047
[ 1800678ms] [ERROR] WebSocket connection to 'wss://placeholder.supabase.co/realtime/v1/websocket?apikey=placeholder-key&vsn=2.0.0' failed: Error in connection establishment: net::ERR_NAME_NOT_RESOLVED @ http://localhost:3333/_next/static/chunks/node_modules_798b683d._.js:4047
[ 1802666ms] [ERROR] Failed to load resource: net::ERR_NAME_NOT_RESOLVED @ https://placeholder.supabase.co/rest/v1/v_user_current_status?select=*:0
[ 1802666ms] [ERROR] Failed to load resource: net::ERR_NAME_NOT_RESOLVED @ https://placeholder.supabase.co/rest/v1/v_user_current_status?select=*:0
[ 1811783ms] [ERROR] WebSocket connection to 'wss://placeholder.supabase.co/realtime/v1/websocket?apikey=placeholder-key&vsn=2.0.0' failed: Error in connection establishment: net::ERR_NAME_NOT_RESOLVED @ http://localhost:3333/_next/static/chunks/node_modules_798b683d._.js:4047
[ 1823508ms] [ERROR] WebSocket connection to 'wss://placeholder.supabase.co/realtime/v1/websocket?apikey=placeholder-key&vsn=2.0.0' failed: Error in connection establishment: net::ERR_NAME_NOT_RESOLVED @ http://localhost:3333/_next/static/chunks/node_modules_798b683d._.js:4047
[ 1832175ms] [ERROR] Failed to load resource: net::ERR_NAME_NOT_RESOLVED @ https://placeholder.supabase.co/rest/v1/v_user_current_status?select=*:0
[ 1834159ms] [ERROR] WebSocket connection to 'wss://placeholder.supabase.co/realtime/v1/websocket?apikey=placeholder-key&vsn=2.0.0' failed: Error in connection establishment: net::ERR_NAME_NOT_RESOLVED @ http://localhost:3333/_next/static/chunks/node_modules_798b683d._.js:4047
[ 1844772ms] [ERROR] WebSocket connection to 'wss://placeholder.supabase.co/realtime/v1/websocket?apikey=placeholder-key&vsn=2.0.0' failed: Error in connection establishment: net::ERR_NAME_NOT_RESOLVED @ http://localhost:3333/_next/static/chunks/node_modules_798b683d._.js:4047
[ 1856658ms] [ERROR] WebSocket connection to 'wss://placeholder.supabase.co/realtime/v1/websocket?apikey=placeholder-key&vsn=2.0.0' failed: Error in connection establishment: net::ERR_NAME_NOT_RESOLVED @ http://localhost:3333/_next/static/chunks/node_modules_798b683d._.js:4047
[ 1863549ms] [ERROR] Failed to load resource: net::ERR_NAME_NOT_RESOLVED @ https://placeholder.supabase.co/rest/v1/v_user_current_status?select=*:0
[ 1868318ms] [ERROR] WebSocket connection to 'wss://placeholder.supabase.co/realtime/v1/websocket?apikey=placeholder-key&vsn=2.0.0' failed: Error in connection establishment: net::ERR_NAME_NOT_RESOLVED @ http://localhost:3333/_next/static/chunks/node_modules_798b683d._.js:4047
[ 1879032ms] [ERROR] WebSocket connection to 'wss://placeholder.supabase.co/realtime/v1/websocket?apikey=placeholder-key&vsn=2.0.0' failed: Error in connection establishment: net::ERR_NAME_NOT_RESOLVED @ http://localhost:3333/_next/static/chunks/node_modules_798b683d._.js:4047
[ 1890090ms] [ERROR] WebSocket connection to 'wss://placeholder.supabase.co/realtime/v1/websocket?apikey=placeholder-key&vsn=2.0.0' failed: Error in connection establishment: net::ERR_NAME_NOT_RESOLVED @ http://localhost:3333/_next/static/chunks/node_modules_798b683d._.js:4047
[ 1891815ms] [ERROR] Failed to load resource: net::ERR_NAME_NOT_RESOLVED @ https://placeholder.supabase.co/rest/v1/v_user_current_status?select=*:0
[ 1901495ms] [ERROR] WebSocket connection to 'wss://placeholder.supabase.co/realtime/v1/websocket?apikey=placeholder-key&vsn=2.0.0' failed: Error in connection establishment: net::ERR_NAME_NOT_RESOLVED @ http://localhost:3333/_next/static/chunks/node_modules_798b683d._.js:4047
[ 1911914ms] [ERROR] WebSocket connection to 'wss://placeholder.supabase.co/realtime/v1/websocket?apikey=placeholder-key&vsn=2.0.0' failed: Error in connection establishment: net::ERR_NAME_NOT_RESOLVED @ http://localhost:3333/_next/static/chunks/node_modules_798b683d._.js:4047
[ 1924435ms] [ERROR] WebSocket connection to 'wss://placeholder.supabase.co/realtime/v1/websocket?apikey=placeholder-key&vsn=2.0.0' failed: Error in connection establishment: net::ERR_NAME_NOT_RESOLVED @ http://localhost:3333/_next/static/chunks/node_modules_798b683d._.js:4047
[ 1924436ms] [ERROR] Failed to load resource: net::ERR_NAME_NOT_RESOLVED @ https://placeholder.supabase.co/rest/v1/v_user_current_status?select=*:0
[ 1937112ms] [ERROR] WebSocket connection to 'wss://placeholder.supabase.co/realtime/v1/websocket?apikey=placeholder-key&vsn=2.0.0' failed: Error in connection establishment: net::ERR_NAME_NOT_RESOLVED @ http://localhost:3333/_next/static/chunks/node_modules_798b683d._.js:4047
[ 1947366ms] [ERROR] WebSocket connection to 'wss://placeholder.supabase.co/realtime/v1/websocket?apikey=placeholder-key&vsn=2.0.0' failed: Error in connection establishment: net::ERR_NAME_NOT_RESOLVED @ http://localhost:3333/_next/static/chunks/node_modules_798b683d._.js:4047
[ 1949630ms] [ERROR] Failed to load resource: net::ERR_NAME_NOT_RESOLVED @ https://placeholder.supabase.co/rest/v1/v_user_current_status?select=*:0
[ 1957619ms] [ERROR] WebSocket connection to 'wss://placeholder.supabase.co/realtime/v1/websocket?apikey=placeholder-key&vsn=2.0.0' failed: Error in connection establishment: net::ERR_NAME_NOT_RESOLVED @ http://localhost:3333/_next/static/chunks/node_modules_798b683d._.js:4047
[ 1969211ms] [ERROR] WebSocket connection to 'wss://placeholder.supabase.co/realtime/v1/websocket?apikey=placeholder-key&vsn=2.0.0' failed: Error in connection establishment: net::ERR_NAME_NOT_RESOLVED @ http://localhost:3333/_next/static/chunks/node_modules_798b683d._.js:4047
[ 1981100ms] [ERROR] WebSocket connection to 'wss://placeholder.supabase.co/realtime/v1/websocket?apikey=placeholder-key&vsn=2.0.0' failed: Error in connection establishment: net::ERR_NAME_NOT_RESOLVED @ http://localhost:3333/_next/static/chunks/node_modules_798b683d._.js:4047
[ 1983631ms] [ERROR] Failed to load resource: net::ERR_NAME_NOT_RESOLVED @ https://placeholder.supabase.co/rest/v1/v_user_current_status?select=*:0
[ 1993201ms] [ERROR] WebSocket connection to 'wss://placeholder.supabase.co/realtime/v1/websocket?apikey=placeholder-key&vsn=2.0.0' failed: Error in connection establishment: net::ERR_NAME_NOT_RESOLVED @ http://localhost:3333/_next/static/chunks/node_modules_798b683d._.js:4047
[ 2005475ms] [ERROR] WebSocket connection to 'wss://placeholder.supabase.co/realtime/v1/websocket?apikey=placeholder-key&vsn=2.0.0' failed: Error in connection establishment: net::ERR_NAME_NOT_RESOLVED @ http://localhost:3333/_next/static/chunks/node_modules_798b683d._.js:4047
[ 2010467ms] [ERROR] Failed to load resource: net::ERR_NAME_NOT_RESOLVED @ https://placeholder.supabase.co/rest/v1/v_user_current_status?select=*:0
[ 2020033ms] [ERROR] WebSocket connection to 'wss://placeholder.supabase.co/realtime/v1/websocket?apikey=placeholder-key&vsn=2.0.0' failed: Error in connection establishment: net::ERR_NAME_NOT_RESOLVED @ http://localhost:3333/_next/static/chunks/node_modules_798b683d._.js:4047
[ 2031327ms] [ERROR] WebSocket connection to 'wss://placeholder.supabase.co/realtime/v1/websocket?apikey=placeholder-key&vsn=2.0.0' failed: Error in connection establishment: net::ERR_NAME_NOT_RESOLVED @ http://localhost:3333/_next/static/chunks/node_modules_798b683d._.js:4047
[ 2041408ms] [ERROR] Failed to load resource: net::ERR_NAME_NOT_RESOLVED @ https://placeholder.supabase.co/rest/v1/v_user_current_status?select=*:0
[ 2041658ms] [ERROR] WebSocket connection to 'wss://placeholder.supabase.co/realtime/v1/websocket?apikey=placeholder-key&vsn=2.0.0' failed: Error in connection establishment: net::ERR_NAME_NOT_RESOLVED @ http://localhost:3333/_next/static/chunks/node_modules_798b683d._.js:4047
[ 2051901ms] [ERROR] WebSocket connection to 'wss://placeholder.supabase.co/realtime/v1/websocket?apikey=placeholder-key&vsn=2.0.0' failed: Error in connection establishment: net::ERR_NAME_NOT_RESOLVED @ http://localhost:3333/_next/static/chunks/node_modules_798b683d._.js:4047
[ 2062629ms] [ERROR] WebSocket connection to 'wss://placeholder.supabase.co/realtime/v1/websocket?apikey=placeholder-key&vsn=2.0.0' failed: Error in connection establishment: net::ERR_NAME_NOT_RESOLVED @ http://localhost:3333/_next/static/chunks/node_modules_798b683d._.js:4047
[ 2069771ms] [ERROR] Failed to load resource: net::ERR_NAME_NOT_RESOLVED @ https://placeholder.supabase.co/rest/v1/v_user_current_status?select=*:0
[ 2072833ms] [ERROR] WebSocket connection to 'wss://placeholder.supabase.co/realtime/v1/websocket?apikey=placeholder-key&vsn=2.0.0' failed: Error in connection establishment: net::ERR_NAME_NOT_RESOLVED @ http://localhost:3333/_next/static/chunks/node_modules_798b683d._.js:4047
[ 2083041ms] [ERROR] WebSocket connection to 'wss://placeholder.supabase.co/realtime/v1/websocket?apikey=placeholder-key&vsn=2.0.0' failed: Error in connection establishment: net::ERR_NAME_NOT_RESOLVED @ http://localhost:3333/_next/static/chunks/node_modules_798b683d._.js:4047
[ 2093304ms] [ERROR] WebSocket connection to 'wss://placeholder.supabase.co/realtime/v1/websocket?apikey=placeholder-key&vsn=2.0.0' failed: Error in connection establishment: net::ERR_NAME_NOT_RESOLVED @ http://localhost:3333/_next/static/chunks/node_modules_798b683d._.js:4047
[ 2103116ms] [ERROR] Failed to load resource: net::ERR_NAME_NOT_RESOLVED @ https://placeholder.supabase.co/rest/v1/v_user_current_status?select=*:0
[ 2103812ms] [ERROR] WebSocket connection to 'wss://placeholder.supabase.co/realtime/v1/websocket?apikey=placeholder-key&vsn=2.0.0' failed: Error in connection establishment: net::ERR_NAME_NOT_RESOLVED @ http://localhost:3333/_next/static/chunks/node_modules_798b683d._.js:4047
[ 2121465ms] [ERROR] WebSocket connection to 'wss://placeholder.supabase.co/realtime/v1/websocket?apikey=placeholder-key&vsn=2.0.0' failed: Error in connection establishment: net::ERR_NAME_NOT_RESOLVED @ http://localhost:3333/_next/static/chunks/node_modules_798b683d._.js:4047
[ 2136756ms] [ERROR] WebSocket connection to 'wss://placeholder.supabase.co/realtime/v1/websocket?apikey=placeholder-key&vsn=2.0.0' failed: Error in connection establishment: net::ERR_NAME_NOT_RESOLVED @ http://localhost:3333/_next/static/chunks/node_modules_798b683d._.js:4047
[ 2144385ms] [ERROR] Failed to load resource: net::ERR_NAME_NOT_RESOLVED @ https://placeholder.supabase.co/rest/v1/v_user_current_status?select=*:0
[ 2147007ms] [ERROR] WebSocket connection to 'wss://placeholder.supabase.co/realtime/v1/websocket?apikey=placeholder-key&vsn=2.0.0' failed: Error in connection establishment: net::ERR_NAME_NOT_RESOLVED @ http://localhost:3333/_next/static/chunks/node_modules_798b683d._.js:4047
[ 2162299ms] [ERROR] WebSocket connection to 'wss://placeholder.supabase.co/realtime/v1/websocket?apikey=placeholder-key&vsn=2.0.0' failed: Error in connection establishment: net::ERR_NAME_NOT_RESOLVED @ http://localhost:3333/_next/static/chunks/node_modules_798b683d._.js:4047
[ 2168121ms] [ERROR] Failed to load resource: net::ERR_NAME_NOT_RESOLVED @ https://placeholder.supabase.co/rest/v1/v_user_current_status?select=*:0
[ 2174494ms] [ERROR] WebSocket connection to 'wss://placeholder.supabase.co/realtime/v1/websocket?apikey=placeholder-key&vsn=2.0.0' failed: Error in connection establishment: net::ERR_NAME_NOT_RESOLVED @ http://localhost:3333/_next/static/chunks/node_modules_798b683d._.js:4047
[ 2184832ms] [ERROR] WebSocket connection to 'wss://placeholder.supabase.co/realtime/v1/websocket?apikey=placeholder-key&vsn=2.0.0' failed: Error in connection establishment: net::ERR_NAME_NOT_RESOLVED @ http://localhost:3333/_next/static/chunks/node_modules_798b683d._.js:4047
[ 2192052ms] [ERROR] Failed to load resource: net::ERR_NAME_NOT_RESOLVED @ https://placeholder.supabase.co/rest/v1/v_user_current_status?select=*:0
[ 2195573ms] [ERROR] WebSocket connection to 'wss://placeholder.supabase.co/realtime/v1/websocket?apikey=placeholder-key&vsn=2.0.0' failed: Error in connection establishment: net::ERR_NAME_NOT_RESOLVED @ http://localhost:3333/_next/static/chunks/node_modules_798b683d._.js:4047
[ 2207812ms] [ERROR] WebSocket connection to 'wss://placeholder.supabase.co/realtime/v1/websocket?apikey=placeholder-key&vsn=2.0.0' failed: Error in connection establishment: net::ERR_NAME_NOT_RESOLVED @ http://localhost:3333/_next/static/chunks/node_modules_798b683d._.js:4047
[ 2218067ms] [ERROR] WebSocket connection to 'wss://placeholder.supabase.co/realtime/v1/websocket?apikey=placeholder-key&vsn=2.0.0' failed: Error in connection establishment: net::ERR_NAME_NOT_RESOLVED @ http://localhost:3333/_next/static/chunks/node_modules_798b683d._.js:4047
[ 2219573ms] [ERROR] Failed to load resource: net::ERR_NAME_NOT_RESOLVED @ https://placeholder.supabase.co/rest/v1/v_user_current_status?select=*:0
[ 2228320ms] [ERROR] WebSocket connection to 'wss://placeholder.supabase.co/realtime/v1/websocket?apikey=placeholder-key&vsn=2.0.0' failed: Error in connection establishment: net::ERR_NAME_NOT_RESOLVED @ http://localhost:3333/_next/static/chunks/node_modules_798b683d._.js:4047
[ 2244426ms] [ERROR] WebSocket connection to 'wss://placeholder.supabase.co/realtime/v1/websocket?apikey=placeholder-key&vsn=2.0.0' failed: Error in connection establishment: net::ERR_NAME_NOT_RESOLVED @ http://localhost:3333/_next/static/chunks/node_modules_798b683d._.js:4047
[ 2249498ms] [ERROR] Failed to load resource: net::ERR_NAME_NOT_RESOLVED @ https://placeholder.supabase.co/rest/v1/v_user_current_status?select=*:0
[ 2254630ms] [ERROR] WebSocket connection to 'wss://placeholder.supabase.co/realtime/v1/websocket?apikey=placeholder-key&vsn=2.0.0' failed: Error in connection establishment: net::ERR_NAME_NOT_RESOLVED @ http://localhost:3333/_next/static/chunks/node_modules_798b683d._.js:4047
[ 2265307ms] [ERROR] WebSocket connection to 'wss://placeholder.supabase.co/realtime/v1/websocket?apikey=placeholder-key&vsn=2.0.0' failed: Error in connection establishment: net::ERR_NAME_NOT_RESOLVED @ http://localhost:3333/_next/static/chunks/node_modules_798b683d._.js:4047
[ 2275933ms] [ERROR] WebSocket connection to 'wss://placeholder.supabase.co/realtime/v1/websocket?apikey=placeholder-key&vsn=2.0.0' failed: Error in connection establishment: net::ERR_NAME_NOT_RESOLVED @ http://localhost:3333/_next/static/chunks/node_modules_798b683d._.js:4047
[ 2279495ms] [ERROR] Failed to load resource: net::ERR_NAME_NOT_RESOLVED @ https://placeholder.supabase.co/rest/v1/v_user_current_status?select=*:0
[ 2286340ms] [ERROR] WebSocket connection to 'wss://placeholder.supabase.co/realtime/v1/websocket?apikey=placeholder-key&vsn=2.0.0' failed: Error in connection establishment: net::ERR_NAME_NOT_RESOLVED @ http://localhost:3333/_next/static/chunks/node_modules_798b683d._.js:4047
[ 2304543ms] [ERROR] WebSocket connection to 'wss://placeholder.supabase.co/realtime/v1/websocket?apikey=placeholder-key&vsn=2.0.0' failed: Error in connection establishment: net::ERR_NAME_NOT_RESOLVED @ http://localhost:3333/_next/static/chunks/node_modules_798b683d._.js:4047
[ 2317319ms] [ERROR] WebSocket connection to 'wss://placeholder.supabase.co/realtime/v1/websocket?apikey=placeholder-key&vsn=2.0.0' failed: Error in connection establishment: net::ERR_NAME_NOT_RESOLVED @ http://localhost:3333/_next/static/chunks/node_modules_798b683d._.js:4047
[ 2320773ms] [ERROR] Failed to load resource: net::ERR_NAME_NOT_RESOLVED @ https://placeholder.supabase.co/rest/v1/v_user_current_status?select=*:0
[ 2327580ms] [ERROR] WebSocket connection to 'wss://placeholder.supabase.co/realtime/v1/websocket?apikey=placeholder-key&vsn=2.0.0' failed: Error in connection establishment: net::ERR_NAME_NOT_RESOLVED @ http://localhost:3333/_next/static/chunks/node_modules_798b683d._.js:4047
[ 2338864ms] [ERROR] WebSocket connection to 'wss://placeholder.supabase.co/realtime/v1/websocket?apikey=placeholder-key&vsn=2.0.0' failed: Error in connection establishment: net::ERR_NAME_NOT_RESOLVED @ http://localhost:3333/_next/static/chunks/node_modules_798b683d._.js:4047
[ 2342837ms] [ERROR] Failed to load resource: net::ERR_NAME_NOT_RESOLVED @ https://placeholder.supabase.co/rest/v1/v_user_current_status?select=*:0
[ 2351129ms] [ERROR] WebSocket connection to 'wss://placeholder.supabase.co/realtime/v1/websocket?apikey=placeholder-key&vsn=2.0.0' failed: Error in connection establishment: net::ERR_NAME_NOT_RESOLVED @ http://localhost:3333/_next/static/chunks/node_modules_798b683d._.js:4047
[ 2363866ms] [ERROR] WebSocket connection to 'wss://placeholder.supabase.co/realtime/v1/websocket?apikey=placeholder-key&vsn=2.0.0' failed: Error in connection establishment: net::ERR_NAME_NOT_RESOLVED @ http://localhost:3333/_next/static/chunks/node_modules_798b683d._.js:4047
[ 2370965ms] [ERROR] Failed to load resource: net::ERR_NAME_NOT_RESOLVED @ https://placeholder.supabase.co/rest/v1/v_user_current_status?select=*:0
[ 2374895ms] [ERROR] WebSocket connection to 'wss://placeholder.supabase.co/realtime/v1/websocket?apikey=placeholder-key&vsn=2.0.0' failed: Error in connection establishment: net::ERR_NAME_NOT_RESOLVED @ http://localhost:3333/_next/static/chunks/node_modules_798b683d._.js:4047
[ 2385111ms] [ERROR] WebSocket connection to 'wss://placeholder.supabase.co/realtime/v1/websocket?apikey=placeholder-key&vsn=2.0.0' failed: Error in connection establishment: net::ERR_NAME_NOT_RESOLVED @ http://localhost:3333/_next/static/chunks/node_modules_798b683d._.js:4047
[ 2395751ms] [ERROR] WebSocket connection to 'wss://placeholder.supabase.co/realtime/v1/websocket?apikey=placeholder-key&vsn=2.0.0' failed: Error in connection establishment: net::ERR_NAME_NOT_RESOLVED @ http://localhost:3333/_next/static/chunks/node_modules_798b683d._.js:4047
[ 2405011ms] [ERROR] Failed to load resource: net::ERR_NAME_NOT_RESOLVED @ https://placeholder.supabase.co/rest/v1/v_user_current_status?select=*:0
[ 2406092ms] [ERROR] WebSocket connection to 'wss://placeholder.supabase.co/realtime/v1/websocket?apikey=placeholder-key&vsn=2.0.0' failed: Error in connection establishment: net::ERR_NAME_NOT_RESOLVED @ http://localhost:3333/_next/static/chunks/node_modules_798b683d._.js:4047
[ 2416475ms] [ERROR] WebSocket connection to 'wss://placeholder.supabase.co/realtime/v1/websocket?apikey=placeholder-key&vsn=2.0.0' failed: Error in connection establishment: net::ERR_NAME_NOT_RESOLVED @ http://localhost:3333/_next/static/chunks/node_modules_798b683d._.js:4047
[ 2427003ms] [ERROR] WebSocket connection to 'wss://placeholder.supabase.co/realtime/v1/websocket?apikey=placeholder-key&vsn=2.0.0' failed: Error in connection establishment: net::ERR_NAME_NOT_RESOLVED @ http://localhost:3333/_next/static/chunks/node_modules_798b683d._.js:4047
[ 2429605ms] [ERROR] Failed to load resource: net::ERR_NAME_NOT_RESOLVED @ https://placeholder.supabase.co/rest/v1/v_user_current_status?select=*:0
[ 2439772ms] [ERROR] WebSocket connection to 'wss://placeholder.supabase.co/realtime/v1/websocket?apikey=placeholder-key&vsn=2.0.0' failed: Error in connection establishment: net::ERR_NAME_NOT_RESOLVED @ http://localhost:3333/_next/static/chunks/node_modules_798b683d._.js:4047
[ 2450613ms] [ERROR] WebSocket connection to 'wss://placeholder.supabase.co/realtime/v1/websocket?apikey=placeholder-key&vsn=2.0.0' failed: Error in connection establishment: net::ERR_NAME_NOT_RESOLVED @ http://localhost:3333/_next/static/chunks/node_modules_798b683d._.js:4047
[ 2460814ms] [ERROR] Failed to load resource: net::ERR_NAME_NOT_RESOLVED @ https://placeholder.supabase.co/rest/v1/v_user_current_status?select=*:0
[ 2462897ms] [ERROR] WebSocket connection to 'wss://placeholder.supabase.co/realtime/v1/websocket?apikey=placeholder-key&vsn=2.0.0' failed: Error in connection establishment: net::ERR_NAME_NOT_RESOLVED @ http://localhost:3333/_next/static/chunks/node_modules_798b683d._.js:4047
[ 2476585ms] [ERROR] WebSocket connection to 'wss://placeholder.supabase.co/realtime/v1/websocket?apikey=placeholder-key&vsn=2.0.0' failed: Error in connection establishment: net::ERR_NAME_NOT_RESOLVED @ http://localhost:3333/_next/static/chunks/node_modules_798b683d._.js:4047
[ 2490832ms] [ERROR] Failed to load resource: net::ERR_NAME_NOT_RESOLVED @ https://placeholder.supabase.co/rest/v1/v_user_current_status?select=*:0
[ 2491260ms] [ERROR] WebSocket connection to 'wss://placeholder.supabase.co/realtime/v1/websocket?apikey=placeholder-key&vsn=2.0.0' failed: Error in connection establishment: net::ERR_NAME_NOT_RESOLVED @ http://localhost:3333/_next/static/chunks/node_modules_798b683d._.js:4047
[ 2505963ms] [ERROR] WebSocket connection to 'wss://placeholder.supabase.co/realtime/v1/websocket?apikey=placeholder-key&vsn=2.0.0' failed: Error in connection establishment: net::ERR_NAME_NOT_RESOLVED @ http://localhost:3333/_next/static/chunks/node_modules_798b683d._.js:4047
[ 2519705ms] [ERROR] Failed to load resource: net::ERR_NAME_NOT_RESOLVED @ https://placeholder.supabase.co/rest/v1/v_user_current_status?select=*:0
[ 2521143ms] [ERROR] WebSocket connection to 'wss://placeholder.supabase.co/realtime/v1/websocket?apikey=placeholder-key&vsn=2.0.0' failed: Error in connection establishment: net::ERR_NAME_NOT_RESOLVED @ http://localhost:3333/_next/static/chunks/node_modules_798b683d._.js:4047
[ 2534098ms] [ERROR] WebSocket connection to 'wss://placeholder.supabase.co/realtime/v1/websocket?apikey=placeholder-key&vsn=2.0.0' failed: Error in connection establishment: net::ERR_NAME_NOT_RESOLVED @ http://localhost:3333/_next/static/chunks/node_modules_798b683d._.js:4047
[ 2546517ms] [ERROR] WebSocket connection to 'wss://placeholder.supabase.co/realtime/v1/websocket?apikey=placeholder-key&vsn=2.0.0' failed: Error in connection establishment: net::ERR_NAME_NOT_RESOLVED @ http://localhost:3333/_next/static/chunks/node_modules_798b683d._.js:4047
[ 2549704ms] [ERROR] Failed to load resource: net::ERR_NAME_NOT_RESOLVED @ https://placeholder.supabase.co/rest/v1/v_user_current_status?select=*:0
[ 2560888ms] [ERROR] WebSocket connection to 'wss://placeholder.supabase.co/realtime/v1/websocket?apikey=placeholder-key&vsn=2.0.0' failed: Error in connection establishment: net::ERR_NAME_NOT_RESOLVED @ http://localhost:3333/_next/static/chunks/node_modules_798b683d._.js:4047
[ 2571082ms] [ERROR] WebSocket connection to 'wss://placeholder.supabase.co/realtime/v1/websocket?apikey=placeholder-key&vsn=2.0.0' failed: Error in connection establishment: net::ERR_NAME_NOT_RESOLVED @ http://localhost:3333/_next/static/chunks/node_modules_798b683d._.js:4047
[ 2581307ms] [ERROR] WebSocket connection to 'wss://placeholder.supabase.co/realtime/v1/websocket?apikey=placeholder-key&vsn=2.0.0' failed: Error in connection establishment: net::ERR_NAME_NOT_RESOLVED @ http://localhost:3333/_next/static/chunks/node_modules_798b683d._.js:4047
[ 2581545ms] [ERROR] Failed to load resource: net::ERR_NAME_NOT_RESOLVED @ https://placeholder.supabase.co/rest/v1/v_user_current_status?select=*:0
[ 2591564ms] [ERROR] WebSocket connection to 'wss://placeholder.supabase.co/realtime/v1/websocket?apikey=placeholder-key&vsn=2.0.0' failed: Error in connection establishment: net::ERR_NAME_NOT_RESOLVED @ http://localhost:3333/_next/static/chunks/node_modules_798b683d._.js:4047
[ 2601823ms] [ERROR] WebSocket connection to 'wss://placeholder.supabase.co/realtime/v1/websocket?apikey=placeholder-key&vsn=2.0.0' failed: Error in connection establishment: net::ERR_NAME_NOT_RESOLVED @ http://localhost:3333/_next/static/chunks/node_modules_798b683d._.js:4047
[ 2609738ms] [ERROR] Failed to load resource: net::ERR_NAME_NOT_RESOLVED @ https://placeholder.supabase.co/rest/v1/v_user_current_status?select=*:0
[ 2612098ms] [ERROR] WebSocket connection to 'wss://placeholder.supabase.co/realtime/v1/websocket?apikey=placeholder-key&vsn=2.0.0' failed: Error in connection establishment: net::ERR_NAME_NOT_RESOLVED @ http://localhost:3333/_next/static/chunks/node_modules_798b683d._.js:4047
[ 2626246ms] [ERROR] WebSocket connection to 'wss://placeholder.supabase.co/realtime/v1/websocket?apikey=placeholder-key&vsn=2.0.0' failed: Error in connection establishment: net::ERR_NAME_NOT_RESOLVED @ http://localhost:3333/_next/static/chunks/node_modules_798b683d._.js:4047
[ 2636528ms] [ERROR] WebSocket connection to 'wss://placeholder.supabase.co/realtime/v1/websocket?apikey=placeholder-key&vsn=2.0.0' failed: Error in connection establishment: net::ERR_NAME_NOT_RESOLVED @ http://localhost:3333/_next/static/chunks/node_modules_798b683d._.js:4047
[ 2646828ms] [ERROR] WebSocket connection to 'wss://placeholder.supabase.co/realtime/v1/websocket?apikey=placeholder-key&vsn=2.0.0' failed: Error in connection establishment: net::ERR_NAME_NOT_RESOLVED @ http://localhost:3333/_next/static/chunks/node_modules_798b683d._.js:4047
[ 2646829ms] [ERROR] Failed to load resource: net::ERR_NAME_NOT_RESOLVED @ https://placeholder.supabase.co/rest/v1/v_user_current_status?select=*:0
[ 2658220ms] [ERROR] WebSocket connection to 'wss://placeholder.supabase.co/realtime/v1/websocket?apikey=placeholder-key&vsn=2.0.0' failed: Error in connection establishment: net::ERR_NAME_NOT_RESOLVED @ http://localhost:3333/_next/static/chunks/node_modules_798b683d._.js:4047
